2023-02-01 08:25:17,337 INFO  [io.hawt.web.AuthenticationFilter] Destroying hawtio authentication filter
2023-02-01 08:25:17,345 INFO  [io.hawt.HawtioContextListener] Destroying hawtio services
2023-02-01 08:25:18,458 INFO  [org.apache.activemq.hawtio.plugin.PluginContextListener] Destroyed artemis-plugin plugin
2023-02-01 08:25:18,521 INFO  [org.apache.activemq.hawtio.branding.PluginContextListener] Destroyed activemq-branding plugin
2023-02-01 08:25:26,376 WARN  [org.apache.activemq.artemis.logs] AMQ202015: Failed to clean up file C:\Users\gchavezveloz\Documents\course-projects\Messaging\jmsprojects\mybroker\tmp\jetty-localhost-8161-activemq-branding.war-_activemq-branding-any-1327116722259056648.dir\webapp\WEB-INF\lib\hawtio-plugin-mbean-1.5.5.jar
2023-02-01 08:25:26,381 WARN  [org.apache.activemq.artemis.logs] AMQ202015: Failed to clean up file C:\Users\gchavezveloz\Documents\course-projects\Messaging\jmsprojects\mybroker\tmp\jetty-localhost-8161-activemq-branding.war-_activemq-branding-any-1327116722259056648.dir\webapp\WEB-INF\lib\log4j-1.2.16.jar
2023-02-01 08:25:26,381 WARN  [org.apache.activemq.artemis.logs] AMQ202015: Failed to clean up file C:\Users\gchavezveloz\Documents\course-projects\Messaging\jmsprojects\mybroker\tmp\jetty-localhost-8161-activemq-branding.war-_activemq-branding-any-1327116722259056648.dir\webapp\WEB-INF\lib
2023-02-01 08:25:26,382 WARN  [org.apache.activemq.artemis.logs] AMQ202015: Failed to clean up file C:\Users\gchavezveloz\Documents\course-projects\Messaging\jmsprojects\mybroker\tmp\jetty-localhost-8161-activemq-branding.war-_activemq-branding-any-1327116722259056648.dir\webapp\WEB-INF
2023-02-01 08:25:26,383 WARN  [org.apache.activemq.artemis.logs] AMQ202015: Failed to clean up file C:\Users\gchavezveloz\Documents\course-projects\Messaging\jmsprojects\mybroker\tmp\jetty-localhost-8161-activemq-branding.war-_activemq-branding-any-1327116722259056648.dir\webapp
2023-02-01 08:25:26,384 WARN  [org.apache.activemq.artemis] AMQ244003: Temporary file not deleted on shutdown: C:\Users\gchavezveloz\Documents\course-projects\Messaging\jmsprojects\mybroker\tmp\jetty-localhost-8161-activemq-branding.war-_activemq-branding-any-1327116722259056648.dir
2023-02-01 08:25:34,158 WARN  [org.apache.activemq.artemis.logs] AMQ202015: Failed to clean up file C:\Users\gchavezveloz\Documents\course-projects\Messaging\jmsprojects\mybroker\tmp\jetty-localhost-8161-artemis-plugin.war-_artemis-plugin-any-9021474432139957470.dir\webapp\WEB-INF\lib\hawtio-plugin-mbean-1.5.5.jar
2023-02-01 08:25:34,158 WARN  [org.apache.activemq.artemis.logs] AMQ202015: Failed to clean up file C:\Users\gchavezveloz\Documents\course-projects\Messaging\jmsprojects\mybroker\tmp\jetty-localhost-8161-artemis-plugin.war-_artemis-plugin-any-9021474432139957470.dir\webapp\WEB-INF\lib
2023-02-01 08:25:34,159 WARN  [org.apache.activemq.artemis.logs] AMQ202015: Failed to clean up file C:\Users\gchavezveloz\Documents\course-projects\Messaging\jmsprojects\mybroker\tmp\jetty-localhost-8161-artemis-plugin.war-_artemis-plugin-any-9021474432139957470.dir\webapp\WEB-INF
2023-02-01 08:25:34,160 WARN  [org.apache.activemq.artemis.logs] AMQ202015: Failed to clean up file C:\Users\gchavezveloz\Documents\course-projects\Messaging\jmsprojects\mybroker\tmp\jetty-localhost-8161-artemis-plugin.war-_artemis-plugin-any-9021474432139957470.dir\webapp
2023-02-01 08:25:34,160 WARN  [org.apache.activemq.artemis] AMQ244003: Temporary file not deleted on shutdown: C:\Users\gchavezveloz\Documents\course-projects\Messaging\jmsprojects\mybroker\tmp\jetty-localhost-8161-artemis-plugin.war-_artemis-plugin-any-9021474432139957470.dir
2023-02-01 08:25:41,997 WARN  [org.apache.activemq.artemis.logs] AMQ202015: Failed to clean up file C:\Users\gchavezveloz\Documents\course-projects\Messaging\jmsprojects\mybroker\tmp\jetty-localhost-8161-console.war-_console-any-4784077318996805447.dir\webapp\WEB-INF\lib\commons-codec-1.10.jar
2023-02-01 08:25:41,998 WARN  [org.apache.activemq.artemis.logs] AMQ202015: Failed to clean up file C:\Users\gchavezveloz\Documents\course-projects\Messaging\jmsprojects\mybroker\tmp\jetty-localhost-8161-console.war-_console-any-4784077318996805447.dir\webapp\WEB-INF\lib\commons-fileupload-1.3.2.jar
2023-02-01 08:25:41,999 WARN  [org.apache.activemq.artemis.logs] AMQ202015: Failed to clean up file C:\Users\gchavezveloz\Documents\course-projects\Messaging\jmsprojects\mybroker\tmp\jetty-localhost-8161-console.war-_console-any-4784077318996805447.dir\webapp\WEB-INF\lib\commons-io-2.2.jar
2023-02-01 08:25:41,999 WARN  [org.apache.activemq.artemis.logs] AMQ202015: Failed to clean up file C:\Users\gchavezveloz\Documents\course-projects\Messaging\jmsprojects\mybroker\tmp\jetty-localhost-8161-console.war-_console-any-4784077318996805447.dir\webapp\WEB-INF\lib\commons-logging-1.0.3.jar
2023-02-01 08:25:42,000 WARN  [org.apache.activemq.artemis.logs] AMQ202015: Failed to clean up file C:\Users\gchavezveloz\Documents\course-projects\Messaging\jmsprojects\mybroker\tmp\jetty-localhost-8161-console.war-_console-any-4784077318996805447.dir\webapp\WEB-INF\lib\guava-21.0.jar
2023-02-01 08:25:42,000 WARN  [org.apache.activemq.artemis.logs] AMQ202015: Failed to clean up file C:\Users\gchavezveloz\Documents\course-projects\Messaging\jmsprojects\mybroker\tmp\jetty-localhost-8161-console.war-_console-any-4784077318996805447.dir\webapp\WEB-INF\lib\hawtio-core-1.5.5.jar
2023-02-01 08:25:42,001 WARN  [org.apache.activemq.artemis.logs] AMQ202015: Failed to clean up file C:\Users\gchavezveloz\Documents\course-projects\Messaging\jmsprojects\mybroker\tmp\jetty-localhost-8161-console.war-_console-any-4784077318996805447.dir\webapp\WEB-INF\lib\hawtio-git-1.5.5.jar
2023-02-01 08:25:42,002 WARN  [org.apache.activemq.artemis.logs] AMQ202015: Failed to clean up file C:\Users\gchavezveloz\Documents\course-projects\Messaging\jmsprojects\mybroker\tmp\jetty-localhost-8161-console.war-_console-any-4784077318996805447.dir\webapp\WEB-INF\lib\hawtio-system-1.5.5.jar
2023-02-01 08:25:42,003 WARN  [org.apache.activemq.artemis.logs] AMQ202015: Failed to clean up file C:\Users\gchavezveloz\Documents\course-projects\Messaging\jmsprojects\mybroker\tmp\jetty-localhost-8161-console.war-_console-any-4784077318996805447.dir\webapp\WEB-INF\lib\hawtio-util-1.5.5.jar
2023-02-01 08:25:42,005 WARN  [org.apache.activemq.artemis.logs] AMQ202015: Failed to clean up file C:\Users\gchavezveloz\Documents\course-projects\Messaging\jmsprojects\mybroker\tmp\jetty-localhost-8161-console.war-_console-any-4784077318996805447.dir\webapp\WEB-INF\lib\httpcore-4.4.4.jar
2023-02-01 08:25:42,005 WARN  [org.apache.activemq.artemis.logs] AMQ202015: Failed to clean up file C:\Users\gchavezveloz\Documents\course-projects\Messaging\jmsprojects\mybroker\tmp\jetty-localhost-8161-console.war-_console-any-4784077318996805447.dir\webapp\WEB-INF\lib\jolokia-core-1.3.7.jar
2023-02-01 08:25:42,006 WARN  [org.apache.activemq.artemis.logs] AMQ202015: Failed to clean up file C:\Users\gchavezveloz\Documents\course-projects\Messaging\jmsprojects\mybroker\tmp\jetty-localhost-8161-console.war-_console-any-4784077318996805447.dir\webapp\WEB-INF\lib\json-simple-1.1.1.jar
2023-02-01 08:25:42,007 WARN  [org.apache.activemq.artemis.logs] AMQ202015: Failed to clean up file C:\Users\gchavezveloz\Documents\course-projects\Messaging\jmsprojects\mybroker\tmp\jetty-localhost-8161-console.war-_console-any-4784077318996805447.dir\webapp\WEB-INF\lib\org.osgi.core-4.3.0.jar
2023-02-01 08:25:42,008 WARN  [org.apache.activemq.artemis.logs] AMQ202015: Failed to clean up file C:\Users\gchavezveloz\Documents\course-projects\Messaging\jmsprojects\mybroker\tmp\jetty-localhost-8161-console.war-_console-any-4784077318996805447.dir\webapp\WEB-INF\lib\org.osgi.enterprise-4.2.0.jar
2023-02-01 08:25:42,008 WARN  [org.apache.activemq.artemis.logs] AMQ202015: Failed to clean up file C:\Users\gchavezveloz\Documents\course-projects\Messaging\jmsprojects\mybroker\tmp\jetty-localhost-8161-console.war-_console-any-4784077318996805447.dir\webapp\WEB-INF\lib
2023-02-01 08:25:42,014 WARN  [org.apache.activemq.artemis.logs] AMQ202015: Failed to clean up file C:\Users\gchavezveloz\Documents\course-projects\Messaging\jmsprojects\mybroker\tmp\jetty-localhost-8161-console.war-_console-any-4784077318996805447.dir\webapp\WEB-INF
2023-02-01 08:25:42,015 WARN  [org.apache.activemq.artemis.logs] AMQ202015: Failed to clean up file C:\Users\gchavezveloz\Documents\course-projects\Messaging\jmsprojects\mybroker\tmp\jetty-localhost-8161-console.war-_console-any-4784077318996805447.dir\webapp
2023-02-01 08:25:42,016 WARN  [org.apache.activemq.artemis] AMQ244003: Temporary file not deleted on shutdown: C:\Users\gchavezveloz\Documents\course-projects\Messaging\jmsprojects\mybroker\tmp\jetty-localhost-8161-console.war-_console-any-4784077318996805447.dir
2023-02-01 08:25:42,017 INFO  [org.apache.activemq.artemis.core.server] AMQ221002: Apache ActiveMQ Artemis Message Broker version 2.6.2 [52298f11-a189-11ed-a210-b48c9db43341] stopped, uptime 17 hours 14 minutes
2023-02-01 09:34:31,009 INFO  [org.apache.activemq.artemis.integration.bootstrap] AMQ101000: Starting ActiveMQ Artemis Server
2023-02-01 09:34:31,065 INFO  [org.apache.activemq.artemis.core.server] AMQ221000: live Message Broker is starting with configuration Broker Configuration (clustered=false,journalDirectory=data/journal,bindingsDirectory=data/bindings,largeMessagesDirectory=data/large-messages,pagingDirectory=data/paging)
2023-02-01 09:34:31,092 INFO  [org.apache.activemq.artemis.core.server] AMQ221013: Using NIO Journal
2023-02-01 09:34:31,131 INFO  [org.apache.activemq.artemis.core.server] AMQ221057: Global Max Size is being adjusted to 1/2 of the JVM max size (-Xmx). being defined as 536,870,912
2023-02-01 09:34:31,161 INFO  [org.apache.activemq.artemis.core.server] AMQ221043: Protocol module found: [artemis-server]. Adding protocol support for: CORE
2023-02-01 09:34:31,171 INFO  [org.apache.activemq.artemis.core.server] AMQ221043: Protocol module found: [artemis-amqp-protocol]. Adding protocol support for: AMQP
2023-02-01 09:34:31,171 INFO  [org.apache.activemq.artemis.core.server] AMQ221043: Protocol module found: [artemis-hornetq-protocol]. Adding protocol support for: HORNETQ
2023-02-01 09:34:31,172 INFO  [org.apache.activemq.artemis.core.server] AMQ221043: Protocol module found: [artemis-mqtt-protocol]. Adding protocol support for: MQTT
2023-02-01 09:34:31,173 INFO  [org.apache.activemq.artemis.core.server] AMQ221043: Protocol module found: [artemis-openwire-protocol]. Adding protocol support for: OPENWIRE
2023-02-01 09:34:31,173 INFO  [org.apache.activemq.artemis.core.server] AMQ221043: Protocol module found: [artemis-stomp-protocol]. Adding protocol support for: STOMP
2023-02-01 09:34:31,209 INFO  [org.apache.activemq.artemis.core.server] AMQ221034: Waiting indefinitely to obtain live lock
2023-02-01 09:34:31,209 INFO  [org.apache.activemq.artemis.core.server] AMQ221035: Live Server Obtained live lock
2023-02-01 09:34:31,778 INFO  [org.apache.activemq.artemis.core.server] AMQ221003: Deploying queue DLQ on address DLQ
2023-02-01 09:34:31,778 INFO  [org.apache.activemq.artemis.core.server] AMQ221003: Deploying queue ExpiryQueue on address ExpiryQueue
2023-02-01 09:34:32,508 INFO  [org.apache.activemq.artemis.core.server] AMQ221020: Started NIO Acceptor at 0.0.0.0:61616 for protocols [CORE,MQTT,AMQP,STOMP,HORNETQ,OPENWIRE]
2023-02-01 09:34:32,603 INFO  [org.apache.activemq.artemis.core.server] AMQ221020: Started NIO Acceptor at 0.0.0.0:5445 for protocols [HORNETQ,STOMP]
2023-02-01 09:34:32,715 INFO  [org.apache.activemq.artemis.core.server] AMQ221020: Started NIO Acceptor at 0.0.0.0:5672 for protocols [AMQP]
2023-02-01 09:34:32,842 INFO  [org.apache.activemq.artemis.core.server] AMQ221020: Started NIO Acceptor at 0.0.0.0:1883 for protocols [MQTT]
2023-02-01 09:34:32,996 INFO  [org.apache.activemq.artemis.core.server] AMQ221020: Started NIO Acceptor at 0.0.0.0:61613 for protocols [STOMP]
2023-02-01 09:34:32,999 INFO  [org.apache.activemq.artemis.core.server] AMQ221007: Server is now live
2023-02-01 09:34:32,999 INFO  [org.apache.activemq.artemis.core.server] AMQ221001: Apache ActiveMQ Artemis Message Broker version 2.6.2 [0.0.0.0, nodeID=52298f11-a189-11ed-a210-b48c9db43341] 
2023-02-01 09:34:33,355 INFO  [org.apache.activemq.hawtio.branding.PluginContextListener] Initialized activemq-branding plugin
2023-02-01 09:34:33,536 INFO  [org.apache.activemq.hawtio.plugin.PluginContextListener] Initialized artemis-plugin plugin
2023-02-01 09:34:35,180 INFO  [io.hawt.HawtioContextListener] Initialising hawtio services
2023-02-01 09:34:35,213 INFO  [io.hawt.system.ConfigManager] Configuration will be discovered via system properties
2023-02-01 09:34:35,218 INFO  [io.hawt.jmx.JmxTreeWatcher] Welcome to hawtio 1.5.5 : http://hawt.io/ : Don't cha wish your console was hawt like me? ;-)
2023-02-01 09:34:35,225 INFO  [io.hawt.jmx.UploadManager] Using file upload directory: C:\Users\gchavezveloz\Documents\course-projects\Messaging\jmsprojects\mybroker\tmp\uploads
2023-02-01 09:34:35,267 INFO  [io.hawt.web.AuthenticationFilter] Starting hawtio authentication filter, JAAS realm: "activemq" authorized role(s): "amq" role principal classes: "org.apache.activemq.artemis.spi.core.security.jaas.RolePrincipal"
2023-02-01 09:34:35,357 INFO  [io.hawt.web.JolokiaConfiguredAgentServlet] Jolokia overridden property: [key=policyLocation, value=file:/C:/Users/gchavezveloz/Documents/course-projects/Messaging/jmsprojects/mybroker/etc/\jolokia-access.xml]
2023-02-01 09:34:35,592 INFO  [io.hawt.web.RBACMBeanInvoker] Using MBean [hawtio:type=security,area=jmx,rank=0,name=HawtioDummyJMXSecurity] for role based access control
2023-02-01 09:34:45,373 INFO  [io.hawt.system.ProxyWhitelist] Initial proxy whitelist: [localhost, 127.0.0.1, 10.29.94.78, USQROGCHAVEZVE1.us.deloitte.com, 192.168.100.102]
2023-02-01 09:34:45,997 INFO  [org.apache.activemq.artemis] AMQ241001: HTTP Server started at http://localhost:8161
2023-02-01 09:34:45,997 INFO  [org.apache.activemq.artemis] AMQ241002: Artemis Jolokia REST API available at http://localhost:8161/console/jolokia
2023-02-01 09:34:45,998 INFO  [org.apache.activemq.artemis] AMQ241004: Artemis Console available at http://localhost:8161/console
2023-02-01 09:35:16,983 WARN  [org.apache.activemq.artemis.core.server] AMQ222149: Message Reference[2147484377]:RELIABLE:CoreMessage[messageID=2147484377,durable=true,userID=06fb0df9-a246-11ed-980c-b48c9db43341,priority=4, timestamp=Wed Feb 01 09:35:16 CST 2023,expiration=0, durable=true, address=passengerRequestQueue,size=514,properties=TypedProperties[__AMQ_CID=06f345c6-a246-11ed-980c-b48c9db43341,_AMQ_ROUTING_TYPE=1]]@13554732 has reached maximum delivery attempts, sending it to Dead Letter Address DLQ from passengerRequestQueue
2023-02-01 09:35:22,756 WARN  [org.apache.activemq.artemis.core.client] AMQ212037: Connection failure has been detected: An existing connection was forcibly closed by the remote host [code=GENERIC_EXCEPTION]
2023-02-01 09:35:22,757 WARN  [org.apache.activemq.artemis.core.server] AMQ222061: Client connection failed, clearing up resources for session 04204efc-a246-11ed-b902-b48c9db43341
2023-02-01 09:35:22,759 WARN  [org.apache.activemq.artemis.core.server] AMQ222107: Cleared up resources for session 04204efc-a246-11ed-b902-b48c9db43341
2023-02-01 09:35:22,760 WARN  [org.apache.activemq.artemis.core.server] AMQ222061: Client connection failed, clearing up resources for session 0426426d-a246-11ed-b902-b48c9db43341
2023-02-01 09:35:22,767 WARN  [org.apache.activemq.artemis.core.server] AMQ222107: Cleared up resources for session 0426426d-a246-11ed-b902-b48c9db43341
2023-02-01 09:35:30,823 WARN  [org.apache.activemq.artemis.core.client] AMQ212037: Connection failure has been detected: An existing connection was forcibly closed by the remote host [code=GENERIC_EXCEPTION]
2023-02-01 09:35:30,824 WARN  [org.apache.activemq.artemis.core.server] AMQ222061: Client connection failed, clearing up resources for session 06f345c7-a246-11ed-980c-b48c9db43341
2023-02-01 09:35:30,826 WARN  [org.apache.activemq.artemis.core.server] AMQ222107: Cleared up resources for session 06f345c7-a246-11ed-980c-b48c9db43341
2023-02-01 09:35:30,828 WARN  [org.apache.activemq.artemis.core.server] AMQ222061: Client connection failed, clearing up resources for session 06f4f378-a246-11ed-980c-b48c9db43341
2023-02-01 09:35:30,830 WARN  [org.apache.activemq.artemis.core.server] AMQ222107: Cleared up resources for session 06f4f378-a246-11ed-980c-b48c9db43341
2023-02-01 09:55:53,714 WARN  [org.apache.activemq.artemis.core.client] AMQ212037: Connection failure has been detected: An existing connection was forcibly closed by the remote host [code=GENERIC_EXCEPTION]
2023-02-01 09:55:53,714 WARN  [org.apache.activemq.artemis.core.server] AMQ222061: Client connection failed, clearing up resources for session 74965f2b-a248-11ed-966d-b48c9db43341
2023-02-01 09:55:53,717 WARN  [org.apache.activemq.artemis.core.server] AMQ222107: Cleared up resources for session 74965f2b-a248-11ed-966d-b48c9db43341
2023-02-01 09:55:53,722 WARN  [org.apache.activemq.artemis.core.server] AMQ222061: Client connection failed, clearing up resources for session 74996c6c-a248-11ed-966d-b48c9db43341
2023-02-01 09:55:53,724 WARN  [org.apache.activemq.artemis.core.server] AMQ222107: Cleared up resources for session 74996c6c-a248-11ed-966d-b48c9db43341
2023-02-01 09:55:57,234 WARN  [org.apache.activemq.artemis.core.client] AMQ212037: Connection failure has been detected: An existing connection was forcibly closed by the remote host [code=GENERIC_EXCEPTION]
2023-02-01 09:55:57,234 WARN  [org.apache.activemq.artemis.core.server] AMQ222061: Client connection failed, clearing up resources for session 6d11a037-a248-11ed-b1ce-b48c9db43341
2023-02-01 09:55:57,237 WARN  [org.apache.activemq.artemis.core.server] AMQ222107: Cleared up resources for session 6d11a037-a248-11ed-b1ce-b48c9db43341
2023-02-01 09:55:57,238 WARN  [org.apache.activemq.artemis.core.server] AMQ222061: Client connection failed, clearing up resources for session 6d139c08-a248-11ed-b1ce-b48c9db43341
2023-02-01 09:55:57,239 WARN  [org.apache.activemq.artemis.core.server] AMQ222107: Cleared up resources for session 6d139c08-a248-11ed-b1ce-b48c9db43341
2023-02-01 09:56:00,558 WARN  [org.apache.activemq.artemis.core.client] AMQ212037: Connection failure has been detected: An existing connection was forcibly closed by the remote host [code=GENERIC_EXCEPTION]
2023-02-01 09:56:00,559 WARN  [org.apache.activemq.artemis.core.server] AMQ222061: Client connection failed, clearing up resources for session 79824967-a248-11ed-a9a2-b48c9db43341
2023-02-01 09:56:00,561 WARN  [org.apache.activemq.artemis.core.server] AMQ222107: Cleared up resources for session 79824967-a248-11ed-a9a2-b48c9db43341
2023-02-01 09:56:00,562 WARN  [org.apache.activemq.artemis.core.server] AMQ222061: Client connection failed, clearing up resources for session 79849358-a248-11ed-a9a2-b48c9db43341
2023-02-01 09:56:00,563 WARN  [org.apache.activemq.artemis.core.server] AMQ222107: Cleared up resources for session 79849358-a248-11ed-a9a2-b48c9db43341
2023-02-01 11:13:24,730 WARN  [org.apache.activemq.artemis.core.client] AMQ212037: Connection failure has been detected: An existing connection was forcibly closed by the remote host [code=GENERIC_EXCEPTION]
2023-02-01 11:13:24,731 WARN  [org.apache.activemq.artemis.core.server] AMQ222061: Client connection failed, clearing up resources for session aadbf356-a253-11ed-aafe-b48c9db43341
2023-02-01 11:13:24,734 WARN  [org.apache.activemq.artemis.core.server] AMQ222107: Cleared up resources for session aadbf356-a253-11ed-aafe-b48c9db43341
2023-02-01 11:13:24,734 WARN  [org.apache.activemq.artemis.core.server] AMQ222061: Client connection failed, clearing up resources for session aadf9cd7-a253-11ed-aafe-b48c9db43341
2023-02-01 11:13:24,735 WARN  [org.apache.activemq.artemis.core.server] AMQ222107: Cleared up resources for session aadf9cd7-a253-11ed-aafe-b48c9db43341
2023-02-01 11:15:13,305 WARN  [org.apache.activemq.artemis.core.client] AMQ212037: Connection failure has been detected: An existing connection was forcibly closed by the remote host [code=GENERIC_EXCEPTION]
2023-02-01 11:15:13,306 WARN  [org.apache.activemq.artemis.core.server] AMQ222061: Client connection failed, clearing up resources for session fad8a2fc-a253-11ed-80ca-b48c9db43341
2023-02-01 11:15:13,310 WARN  [org.apache.activemq.artemis.core.server] AMQ222107: Cleared up resources for session fad8a2fc-a253-11ed-80ca-b48c9db43341
2023-02-01 11:15:13,310 WARN  [org.apache.activemq.artemis.core.server] AMQ222061: Client connection failed, clearing up resources for session fadc256d-a253-11ed-80ca-b48c9db43341
2023-02-01 11:15:13,312 WARN  [org.apache.activemq.artemis.core.server] AMQ222107: Cleared up resources for session fadc256d-a253-11ed-80ca-b48c9db43341
2023-02-01 11:17:15,424 WARN  [org.apache.activemq.artemis.core.client] AMQ212037: Connection failure has been detected: An existing connection was forcibly closed by the remote host [code=GENERIC_EXCEPTION]
2023-02-01 11:17:15,425 WARN  [org.apache.activemq.artemis.core.server] AMQ222061: Client connection failed, clearing up resources for session 41885652-a254-11ed-b648-b48c9db43341
2023-02-01 11:17:15,427 WARN  [org.apache.activemq.artemis.core.server] AMQ222107: Cleared up resources for session 41885652-a254-11ed-b648-b48c9db43341
2023-02-01 11:17:15,428 WARN  [org.apache.activemq.artemis.core.server] AMQ222061: Client connection failed, clearing up resources for session 418b3c83-a254-11ed-b648-b48c9db43341
2023-02-01 11:17:15,428 WARN  [org.apache.activemq.artemis.core.server] AMQ222107: Cleared up resources for session 418b3c83-a254-11ed-b648-b48c9db43341
2023-02-01 11:17:37,197 WARN  [org.apache.activemq.artemis.core.client] AMQ212037: Connection failure has been detected: An existing connection was forcibly closed by the remote host [code=GENERIC_EXCEPTION]
2023-02-01 11:17:37,198 WARN  [org.apache.activemq.artemis.core.server] AMQ222061: Client connection failed, clearing up resources for session 4a509203-a254-11ed-94a3-b48c9db43341
2023-02-01 11:17:37,200 WARN  [org.apache.activemq.artemis.core.server] AMQ222107: Cleared up resources for session 4a509203-a254-11ed-94a3-b48c9db43341
2023-02-01 11:17:37,200 WARN  [org.apache.activemq.artemis.core.server] AMQ222061: Client connection failed, clearing up resources for session 4a539f44-a254-11ed-94a3-b48c9db43341
2023-02-01 11:17:37,201 WARN  [org.apache.activemq.artemis.core.server] AMQ222107: Cleared up resources for session 4a539f44-a254-11ed-94a3-b48c9db43341
2023-02-01 11:18:42,835 WARN  [org.apache.activemq.artemis.core.client] AMQ212037: Connection failure has been detected: An existing connection was forcibly closed by the remote host [code=GENERIC_EXCEPTION]
2023-02-01 11:18:42,836 WARN  [org.apache.activemq.artemis.core.server] AMQ222061: Client connection failed, clearing up resources for session 78c74070-a254-11ed-8db5-b48c9db43341
2023-02-01 11:18:42,839 WARN  [org.apache.activemq.artemis.core.server] AMQ222107: Cleared up resources for session 78c74070-a254-11ed-8db5-b48c9db43341
2023-02-01 11:18:42,839 WARN  [org.apache.activemq.artemis.core.server] AMQ222061: Client connection failed, clearing up resources for session 78ca4db1-a254-11ed-8db5-b48c9db43341
2023-02-01 11:18:42,840 WARN  [org.apache.activemq.artemis.core.server] AMQ222107: Cleared up resources for session 78ca4db1-a254-11ed-8db5-b48c9db43341
2023-02-01 12:31:46,747 INFO  [io.hawt.web.AuthenticationFilter] Destroying hawtio authentication filter
2023-02-01 12:31:46,751 INFO  [io.hawt.HawtioContextListener] Destroying hawtio services
2023-02-01 12:31:48,031 INFO  [org.apache.activemq.hawtio.plugin.PluginContextListener] Destroyed artemis-plugin plugin
2023-02-01 12:31:48,106 INFO  [org.apache.activemq.hawtio.branding.PluginContextListener] Destroyed activemq-branding plugin
2023-02-01 12:31:56,019 WARN  [org.apache.activemq.artemis.logs] AMQ202015: Failed to clean up file C:\Users\gchavezveloz\Documents\course-projects\Messaging\jmsprojects\mybroker\tmp\jetty-localhost-8161-activemq-branding.war-_activemq-branding-any-3374682800985100582.dir\webapp\WEB-INF\lib\hawtio-plugin-mbean-1.5.5.jar
2023-02-01 12:31:56,020 WARN  [org.apache.activemq.artemis.logs] AMQ202015: Failed to clean up file C:\Users\gchavezveloz\Documents\course-projects\Messaging\jmsprojects\mybroker\tmp\jetty-localhost-8161-activemq-branding.war-_activemq-branding-any-3374682800985100582.dir\webapp\WEB-INF\lib\log4j-1.2.16.jar
2023-02-01 12:31:56,023 WARN  [org.apache.activemq.artemis.logs] AMQ202015: Failed to clean up file C:\Users\gchavezveloz\Documents\course-projects\Messaging\jmsprojects\mybroker\tmp\jetty-localhost-8161-activemq-branding.war-_activemq-branding-any-3374682800985100582.dir\webapp\WEB-INF\lib
2023-02-01 12:31:56,027 WARN  [org.apache.activemq.artemis.logs] AMQ202015: Failed to clean up file C:\Users\gchavezveloz\Documents\course-projects\Messaging\jmsprojects\mybroker\tmp\jetty-localhost-8161-activemq-branding.war-_activemq-branding-any-3374682800985100582.dir\webapp\WEB-INF
2023-02-01 12:31:56,027 WARN  [org.apache.activemq.artemis.logs] AMQ202015: Failed to clean up file C:\Users\gchavezveloz\Documents\course-projects\Messaging\jmsprojects\mybroker\tmp\jetty-localhost-8161-activemq-branding.war-_activemq-branding-any-3374682800985100582.dir\webapp
2023-02-01 12:31:56,028 WARN  [org.apache.activemq.artemis] AMQ244003: Temporary file not deleted on shutdown: C:\Users\gchavezveloz\Documents\course-projects\Messaging\jmsprojects\mybroker\tmp\jetty-localhost-8161-activemq-branding.war-_activemq-branding-any-3374682800985100582.dir
2023-02-01 12:32:03,878 WARN  [org.apache.activemq.artemis.logs] AMQ202015: Failed to clean up file C:\Users\gchavezveloz\Documents\course-projects\Messaging\jmsprojects\mybroker\tmp\jetty-localhost-8161-artemis-plugin.war-_artemis-plugin-any-2811196991930099782.dir\webapp\WEB-INF\lib\hawtio-plugin-mbean-1.5.5.jar
2023-02-01 12:32:03,879 WARN  [org.apache.activemq.artemis.logs] AMQ202015: Failed to clean up file C:\Users\gchavezveloz\Documents\course-projects\Messaging\jmsprojects\mybroker\tmp\jetty-localhost-8161-artemis-plugin.war-_artemis-plugin-any-2811196991930099782.dir\webapp\WEB-INF\lib
2023-02-01 12:32:03,882 WARN  [org.apache.activemq.artemis.logs] AMQ202015: Failed to clean up file C:\Users\gchavezveloz\Documents\course-projects\Messaging\jmsprojects\mybroker\tmp\jetty-localhost-8161-artemis-plugin.war-_artemis-plugin-any-2811196991930099782.dir\webapp\WEB-INF
2023-02-01 12:32:03,887 WARN  [org.apache.activemq.artemis.logs] AMQ202015: Failed to clean up file C:\Users\gchavezveloz\Documents\course-projects\Messaging\jmsprojects\mybroker\tmp\jetty-localhost-8161-artemis-plugin.war-_artemis-plugin-any-2811196991930099782.dir\webapp
2023-02-01 12:32:03,888 WARN  [org.apache.activemq.artemis] AMQ244003: Temporary file not deleted on shutdown: C:\Users\gchavezveloz\Documents\course-projects\Messaging\jmsprojects\mybroker\tmp\jetty-localhost-8161-artemis-plugin.war-_artemis-plugin-any-2811196991930099782.dir
2023-02-01 12:32:11,759 WARN  [org.apache.activemq.artemis.logs] AMQ202015: Failed to clean up file C:\Users\gchavezveloz\Documents\course-projects\Messaging\jmsprojects\mybroker\tmp\jetty-localhost-8161-console.war-_console-any-8578464445618187697.dir\webapp\WEB-INF\lib\commons-codec-1.10.jar
2023-02-01 12:32:11,760 WARN  [org.apache.activemq.artemis.logs] AMQ202015: Failed to clean up file C:\Users\gchavezveloz\Documents\course-projects\Messaging\jmsprojects\mybroker\tmp\jetty-localhost-8161-console.war-_console-any-8578464445618187697.dir\webapp\WEB-INF\lib\commons-fileupload-1.3.2.jar
2023-02-01 12:32:11,763 WARN  [org.apache.activemq.artemis.logs] AMQ202015: Failed to clean up file C:\Users\gchavezveloz\Documents\course-projects\Messaging\jmsprojects\mybroker\tmp\jetty-localhost-8161-console.war-_console-any-8578464445618187697.dir\webapp\WEB-INF\lib\commons-io-2.2.jar
2023-02-01 12:32:11,766 WARN  [org.apache.activemq.artemis.logs] AMQ202015: Failed to clean up file C:\Users\gchavezveloz\Documents\course-projects\Messaging\jmsprojects\mybroker\tmp\jetty-localhost-8161-console.war-_console-any-8578464445618187697.dir\webapp\WEB-INF\lib\commons-logging-1.0.3.jar
2023-02-01 12:32:11,768 WARN  [org.apache.activemq.artemis.logs] AMQ202015: Failed to clean up file C:\Users\gchavezveloz\Documents\course-projects\Messaging\jmsprojects\mybroker\tmp\jetty-localhost-8161-console.war-_console-any-8578464445618187697.dir\webapp\WEB-INF\lib\guava-21.0.jar
2023-02-01 12:32:11,769 WARN  [org.apache.activemq.artemis.logs] AMQ202015: Failed to clean up file C:\Users\gchavezveloz\Documents\course-projects\Messaging\jmsprojects\mybroker\tmp\jetty-localhost-8161-console.war-_console-any-8578464445618187697.dir\webapp\WEB-INF\lib\hawtio-core-1.5.5.jar
2023-02-01 12:32:11,770 WARN  [org.apache.activemq.artemis.logs] AMQ202015: Failed to clean up file C:\Users\gchavezveloz\Documents\course-projects\Messaging\jmsprojects\mybroker\tmp\jetty-localhost-8161-console.war-_console-any-8578464445618187697.dir\webapp\WEB-INF\lib\hawtio-git-1.5.5.jar
2023-02-01 12:32:11,771 WARN  [org.apache.activemq.artemis.logs] AMQ202015: Failed to clean up file C:\Users\gchavezveloz\Documents\course-projects\Messaging\jmsprojects\mybroker\tmp\jetty-localhost-8161-console.war-_console-any-8578464445618187697.dir\webapp\WEB-INF\lib\hawtio-system-1.5.5.jar
2023-02-01 12:32:11,772 WARN  [org.apache.activemq.artemis.logs] AMQ202015: Failed to clean up file C:\Users\gchavezveloz\Documents\course-projects\Messaging\jmsprojects\mybroker\tmp\jetty-localhost-8161-console.war-_console-any-8578464445618187697.dir\webapp\WEB-INF\lib\hawtio-util-1.5.5.jar
2023-02-01 12:32:11,775 WARN  [org.apache.activemq.artemis.logs] AMQ202015: Failed to clean up file C:\Users\gchavezveloz\Documents\course-projects\Messaging\jmsprojects\mybroker\tmp\jetty-localhost-8161-console.war-_console-any-8578464445618187697.dir\webapp\WEB-INF\lib\httpcore-4.4.4.jar
2023-02-01 12:32:11,780 WARN  [org.apache.activemq.artemis.logs] AMQ202015: Failed to clean up file C:\Users\gchavezveloz\Documents\course-projects\Messaging\jmsprojects\mybroker\tmp\jetty-localhost-8161-console.war-_console-any-8578464445618187697.dir\webapp\WEB-INF\lib\jolokia-core-1.3.7.jar
2023-02-01 12:32:11,781 WARN  [org.apache.activemq.artemis.logs] AMQ202015: Failed to clean up file C:\Users\gchavezveloz\Documents\course-projects\Messaging\jmsprojects\mybroker\tmp\jetty-localhost-8161-console.war-_console-any-8578464445618187697.dir\webapp\WEB-INF\lib\json-simple-1.1.1.jar
2023-02-01 12:32:11,782 WARN  [org.apache.activemq.artemis.logs] AMQ202015: Failed to clean up file C:\Users\gchavezveloz\Documents\course-projects\Messaging\jmsprojects\mybroker\tmp\jetty-localhost-8161-console.war-_console-any-8578464445618187697.dir\webapp\WEB-INF\lib\org.osgi.core-4.3.0.jar
2023-02-01 12:32:11,783 WARN  [org.apache.activemq.artemis.logs] AMQ202015: Failed to clean up file C:\Users\gchavezveloz\Documents\course-projects\Messaging\jmsprojects\mybroker\tmp\jetty-localhost-8161-console.war-_console-any-8578464445618187697.dir\webapp\WEB-INF\lib\org.osgi.enterprise-4.2.0.jar
2023-02-01 12:32:11,784 WARN  [org.apache.activemq.artemis.logs] AMQ202015: Failed to clean up file C:\Users\gchavezveloz\Documents\course-projects\Messaging\jmsprojects\mybroker\tmp\jetty-localhost-8161-console.war-_console-any-8578464445618187697.dir\webapp\WEB-INF\lib
2023-02-01 12:32:11,785 WARN  [org.apache.activemq.artemis.logs] AMQ202015: Failed to clean up file C:\Users\gchavezveloz\Documents\course-projects\Messaging\jmsprojects\mybroker\tmp\jetty-localhost-8161-console.war-_console-any-8578464445618187697.dir\webapp\WEB-INF
2023-02-01 12:32:11,786 WARN  [org.apache.activemq.artemis.logs] AMQ202015: Failed to clean up file C:\Users\gchavezveloz\Documents\course-projects\Messaging\jmsprojects\mybroker\tmp\jetty-localhost-8161-console.war-_console-any-8578464445618187697.dir\webapp
2023-02-01 12:32:11,787 WARN  [org.apache.activemq.artemis] AMQ244003: Temporary file not deleted on shutdown: C:\Users\gchavezveloz\Documents\course-projects\Messaging\jmsprojects\mybroker\tmp\jetty-localhost-8161-console.war-_console-any-8578464445618187697.dir
2023-02-01 12:32:11,788 INFO  [org.apache.activemq.artemis.core.server] AMQ221002: Apache ActiveMQ Artemis Message Broker version 2.6.2 [52298f11-a189-11ed-a210-b48c9db43341] stopped, uptime 2 hours 57 minutes
2023-02-01 12:49:06,114 INFO  [org.apache.activemq.artemis.integration.bootstrap] AMQ101000: Starting ActiveMQ Artemis Server
2023-02-01 12:49:06,198 INFO  [org.apache.activemq.artemis.core.server] AMQ221000: live Message Broker is starting with configuration Broker Configuration (clustered=false,journalDirectory=data/journal,bindingsDirectory=data/bindings,largeMessagesDirectory=data/large-messages,pagingDirectory=data/paging)
2023-02-01 12:49:06,239 INFO  [org.apache.activemq.artemis.core.server] AMQ221013: Using NIO Journal
2023-02-01 12:49:06,292 INFO  [org.apache.activemq.artemis.core.server] AMQ221057: Global Max Size is being adjusted to 1/2 of the JVM max size (-Xmx). being defined as 536,870,912
2023-02-01 12:49:06,339 INFO  [org.apache.activemq.artemis.core.server] AMQ221043: Protocol module found: [artemis-server]. Adding protocol support for: CORE
2023-02-01 12:49:06,356 INFO  [org.apache.activemq.artemis.core.server] AMQ221043: Protocol module found: [artemis-amqp-protocol]. Adding protocol support for: AMQP
2023-02-01 12:49:06,357 INFO  [org.apache.activemq.artemis.core.server] AMQ221043: Protocol module found: [artemis-hornetq-protocol]. Adding protocol support for: HORNETQ
2023-02-01 12:49:06,358 INFO  [org.apache.activemq.artemis.core.server] AMQ221043: Protocol module found: [artemis-mqtt-protocol]. Adding protocol support for: MQTT
2023-02-01 12:49:06,359 INFO  [org.apache.activemq.artemis.core.server] AMQ221043: Protocol module found: [artemis-openwire-protocol]. Adding protocol support for: OPENWIRE
2023-02-01 12:49:06,360 INFO  [org.apache.activemq.artemis.core.server] AMQ221043: Protocol module found: [artemis-stomp-protocol]. Adding protocol support for: STOMP
2023-02-01 12:49:06,417 INFO  [org.apache.activemq.artemis.core.server] AMQ221034: Waiting indefinitely to obtain live lock
2023-02-01 12:49:06,418 INFO  [org.apache.activemq.artemis.core.server] AMQ221035: Live Server Obtained live lock
2023-02-01 12:49:07,398 INFO  [org.apache.activemq.artemis.core.server] AMQ221003: Deploying queue DLQ on address DLQ
2023-02-01 12:49:07,398 INFO  [org.apache.activemq.artemis.core.server] AMQ221003: Deploying queue ExpiryQueue on address ExpiryQueue
2023-02-01 12:49:08,585 INFO  [org.apache.activemq.artemis.core.server] AMQ221020: Started NIO Acceptor at 0.0.0.0:61616 for protocols [CORE,MQTT,AMQP,STOMP,HORNETQ,OPENWIRE]
2023-02-01 12:49:08,768 INFO  [org.apache.activemq.artemis.core.server] AMQ221020: Started NIO Acceptor at 0.0.0.0:5445 for protocols [HORNETQ,STOMP]
2023-02-01 12:49:08,966 INFO  [org.apache.activemq.artemis.core.server] AMQ221020: Started NIO Acceptor at 0.0.0.0:5672 for protocols [AMQP]
2023-02-01 12:49:09,198 INFO  [org.apache.activemq.artemis.core.server] AMQ221020: Started NIO Acceptor at 0.0.0.0:1883 for protocols [MQTT]
2023-02-01 12:49:09,477 INFO  [org.apache.activemq.artemis.core.server] AMQ221020: Started NIO Acceptor at 0.0.0.0:61613 for protocols [STOMP]
2023-02-01 12:49:09,481 INFO  [org.apache.activemq.artemis.core.server] AMQ221007: Server is now live
2023-02-01 12:49:09,481 INFO  [org.apache.activemq.artemis.core.server] AMQ221001: Apache ActiveMQ Artemis Message Broker version 2.6.2 [0.0.0.0, nodeID=52298f11-a189-11ed-a210-b48c9db43341] 
2023-02-01 12:49:10,013 INFO  [org.apache.activemq.hawtio.branding.PluginContextListener] Initialized activemq-branding plugin
2023-02-01 12:49:10,299 INFO  [org.apache.activemq.hawtio.plugin.PluginContextListener] Initialized artemis-plugin plugin
2023-02-01 12:49:13,341 INFO  [io.hawt.HawtioContextListener] Initialising hawtio services
2023-02-01 12:49:13,395 INFO  [io.hawt.system.ConfigManager] Configuration will be discovered via system properties
2023-02-01 12:49:13,405 INFO  [io.hawt.jmx.JmxTreeWatcher] Welcome to hawtio 1.5.5 : http://hawt.io/ : Don't cha wish your console was hawt like me? ;-)
2023-02-01 12:49:13,417 INFO  [io.hawt.jmx.UploadManager] Using file upload directory: C:\Users\gchavezveloz\Documents\course-projects\Messaging\jmsprojects\mybroker\tmp\uploads
2023-02-01 12:49:13,508 INFO  [io.hawt.web.AuthenticationFilter] Starting hawtio authentication filter, JAAS realm: "activemq" authorized role(s): "amq" role principal classes: "org.apache.activemq.artemis.spi.core.security.jaas.RolePrincipal"
2023-02-01 12:49:13,672 INFO  [io.hawt.web.JolokiaConfiguredAgentServlet] Jolokia overridden property: [key=policyLocation, value=file:/C:/Users/gchavezveloz/Documents/course-projects/Messaging/jmsprojects/mybroker/etc/\jolokia-access.xml]
2023-02-01 12:49:14,021 INFO  [io.hawt.web.RBACMBeanInvoker] Using MBean [hawtio:type=security,area=jmx,rank=0,name=HawtioDummyJMXSecurity] for role based access control
2023-02-01 12:49:24,104 INFO  [io.hawt.system.ProxyWhitelist] Initial proxy whitelist: [localhost, 127.0.0.1, 10.29.94.78, USQROGCHAVEZVE1.us.deloitte.com, 192.168.100.102]
2023-02-01 12:49:25,478 INFO  [org.apache.activemq.artemis] AMQ241001: HTTP Server started at http://localhost:8161
2023-02-01 12:49:25,478 INFO  [org.apache.activemq.artemis] AMQ241002: Artemis Jolokia REST API available at http://localhost:8161/console/jolokia
2023-02-01 12:49:25,480 INFO  [org.apache.activemq.artemis] AMQ241004: Artemis Console available at http://localhost:8161/console
2023-02-01 12:54:16,976 INFO  [org.apache.activemq.artemis.core.server] AMQ221056: Reloading configuration ...security
2023-02-01 12:54:16,977 INFO  [org.apache.activemq.artemis.core.server] AMQ221056: Reloading configuration ...address settings
2023-02-01 12:54:16,980 INFO  [org.apache.activemq.artemis.core.server] AMQ221056: Reloading configuration ...diverts
2023-02-01 12:54:16,981 INFO  [org.apache.activemq.artemis.core.server] AMQ221056: Reloading configuration ...addresses
2023-02-01 12:54:16,981 INFO  [org.apache.activemq.artemis.core.server] AMQ221003: Deploying queue DLQ on address DLQ
2023-02-01 12:54:16,981 INFO  [org.apache.activemq.artemis.core.server] AMQ221003: Deploying queue ExpiryQueue on address ExpiryQueue
2023-02-01 12:54:19,064 INFO  [io.hawt.web.AuthenticationFilter] Destroying hawtio authentication filter
2023-02-01 12:54:19,067 INFO  [io.hawt.HawtioContextListener] Destroying hawtio services
2023-02-01 12:54:20,287 INFO  [org.apache.activemq.hawtio.plugin.PluginContextListener] Destroyed artemis-plugin plugin
2023-02-01 12:54:20,357 INFO  [org.apache.activemq.hawtio.branding.PluginContextListener] Destroyed activemq-branding plugin
2023-02-01 12:54:28,237 WARN  [org.apache.activemq.artemis.logs] AMQ202015: Failed to clean up file C:\Users\gchavezveloz\Documents\course-projects\Messaging\jmsprojects\mybroker\tmp\jetty-localhost-8161-activemq-branding.war-_activemq-branding-any-2023067946168351575.dir\webapp\WEB-INF\lib\hawtio-plugin-mbean-1.5.5.jar
2023-02-01 12:54:28,238 WARN  [org.apache.activemq.artemis.logs] AMQ202015: Failed to clean up file C:\Users\gchavezveloz\Documents\course-projects\Messaging\jmsprojects\mybroker\tmp\jetty-localhost-8161-activemq-branding.war-_activemq-branding-any-2023067946168351575.dir\webapp\WEB-INF\lib\log4j-1.2.16.jar
2023-02-01 12:54:28,241 WARN  [org.apache.activemq.artemis.logs] AMQ202015: Failed to clean up file C:\Users\gchavezveloz\Documents\course-projects\Messaging\jmsprojects\mybroker\tmp\jetty-localhost-8161-activemq-branding.war-_activemq-branding-any-2023067946168351575.dir\webapp\WEB-INF\lib
2023-02-01 12:54:28,242 WARN  [org.apache.activemq.artemis.logs] AMQ202015: Failed to clean up file C:\Users\gchavezveloz\Documents\course-projects\Messaging\jmsprojects\mybroker\tmp\jetty-localhost-8161-activemq-branding.war-_activemq-branding-any-2023067946168351575.dir\webapp\WEB-INF
2023-02-01 12:54:28,243 WARN  [org.apache.activemq.artemis.logs] AMQ202015: Failed to clean up file C:\Users\gchavezveloz\Documents\course-projects\Messaging\jmsprojects\mybroker\tmp\jetty-localhost-8161-activemq-branding.war-_activemq-branding-any-2023067946168351575.dir\webapp
2023-02-01 12:54:28,245 WARN  [org.apache.activemq.artemis] AMQ244003: Temporary file not deleted on shutdown: C:\Users\gchavezveloz\Documents\course-projects\Messaging\jmsprojects\mybroker\tmp\jetty-localhost-8161-activemq-branding.war-_activemq-branding-any-2023067946168351575.dir
2023-02-01 12:54:36,120 WARN  [org.apache.activemq.artemis.logs] AMQ202015: Failed to clean up file C:\Users\gchavezveloz\Documents\course-projects\Messaging\jmsprojects\mybroker\tmp\jetty-localhost-8161-artemis-plugin.war-_artemis-plugin-any-7473315904670679599.dir\webapp\WEB-INF\lib\hawtio-plugin-mbean-1.5.5.jar
2023-02-01 12:54:36,121 WARN  [org.apache.activemq.artemis.logs] AMQ202015: Failed to clean up file C:\Users\gchavezveloz\Documents\course-projects\Messaging\jmsprojects\mybroker\tmp\jetty-localhost-8161-artemis-plugin.war-_artemis-plugin-any-7473315904670679599.dir\webapp\WEB-INF\lib
2023-02-01 12:54:36,125 WARN  [org.apache.activemq.artemis.logs] AMQ202015: Failed to clean up file C:\Users\gchavezveloz\Documents\course-projects\Messaging\jmsprojects\mybroker\tmp\jetty-localhost-8161-artemis-plugin.war-_artemis-plugin-any-7473315904670679599.dir\webapp\WEB-INF
2023-02-01 12:54:36,126 WARN  [org.apache.activemq.artemis.logs] AMQ202015: Failed to clean up file C:\Users\gchavezveloz\Documents\course-projects\Messaging\jmsprojects\mybroker\tmp\jetty-localhost-8161-artemis-plugin.war-_artemis-plugin-any-7473315904670679599.dir\webapp
2023-02-01 12:54:36,127 WARN  [org.apache.activemq.artemis] AMQ244003: Temporary file not deleted on shutdown: C:\Users\gchavezveloz\Documents\course-projects\Messaging\jmsprojects\mybroker\tmp\jetty-localhost-8161-artemis-plugin.war-_artemis-plugin-any-7473315904670679599.dir
2023-02-01 12:54:44,002 WARN  [org.apache.activemq.artemis.logs] AMQ202015: Failed to clean up file C:\Users\gchavezveloz\Documents\course-projects\Messaging\jmsprojects\mybroker\tmp\jetty-localhost-8161-console.war-_console-any-6626271569015868541.dir\webapp\WEB-INF\lib\commons-codec-1.10.jar
2023-02-01 12:54:44,003 WARN  [org.apache.activemq.artemis.logs] AMQ202015: Failed to clean up file C:\Users\gchavezveloz\Documents\course-projects\Messaging\jmsprojects\mybroker\tmp\jetty-localhost-8161-console.war-_console-any-6626271569015868541.dir\webapp\WEB-INF\lib\commons-fileupload-1.3.2.jar
2023-02-01 12:54:44,006 WARN  [org.apache.activemq.artemis.logs] AMQ202015: Failed to clean up file C:\Users\gchavezveloz\Documents\course-projects\Messaging\jmsprojects\mybroker\tmp\jetty-localhost-8161-console.war-_console-any-6626271569015868541.dir\webapp\WEB-INF\lib\commons-io-2.2.jar
2023-02-01 12:54:44,009 WARN  [org.apache.activemq.artemis.logs] AMQ202015: Failed to clean up file C:\Users\gchavezveloz\Documents\course-projects\Messaging\jmsprojects\mybroker\tmp\jetty-localhost-8161-console.war-_console-any-6626271569015868541.dir\webapp\WEB-INF\lib\commons-logging-1.0.3.jar
2023-02-01 12:54:44,010 WARN  [org.apache.activemq.artemis.logs] AMQ202015: Failed to clean up file C:\Users\gchavezveloz\Documents\course-projects\Messaging\jmsprojects\mybroker\tmp\jetty-localhost-8161-console.war-_console-any-6626271569015868541.dir\webapp\WEB-INF\lib\guava-21.0.jar
2023-02-01 12:54:44,011 WARN  [org.apache.activemq.artemis.logs] AMQ202015: Failed to clean up file C:\Users\gchavezveloz\Documents\course-projects\Messaging\jmsprojects\mybroker\tmp\jetty-localhost-8161-console.war-_console-any-6626271569015868541.dir\webapp\WEB-INF\lib\hawtio-core-1.5.5.jar
2023-02-01 12:54:44,012 WARN  [org.apache.activemq.artemis.logs] AMQ202015: Failed to clean up file C:\Users\gchavezveloz\Documents\course-projects\Messaging\jmsprojects\mybroker\tmp\jetty-localhost-8161-console.war-_console-any-6626271569015868541.dir\webapp\WEB-INF\lib\hawtio-git-1.5.5.jar
2023-02-01 12:54:44,013 WARN  [org.apache.activemq.artemis.logs] AMQ202015: Failed to clean up file C:\Users\gchavezveloz\Documents\course-projects\Messaging\jmsprojects\mybroker\tmp\jetty-localhost-8161-console.war-_console-any-6626271569015868541.dir\webapp\WEB-INF\lib\hawtio-system-1.5.5.jar
2023-02-01 12:54:44,014 WARN  [org.apache.activemq.artemis.logs] AMQ202015: Failed to clean up file C:\Users\gchavezveloz\Documents\course-projects\Messaging\jmsprojects\mybroker\tmp\jetty-localhost-8161-console.war-_console-any-6626271569015868541.dir\webapp\WEB-INF\lib\hawtio-util-1.5.5.jar
2023-02-01 12:54:44,023 WARN  [org.apache.activemq.artemis.logs] AMQ202015: Failed to clean up file C:\Users\gchavezveloz\Documents\course-projects\Messaging\jmsprojects\mybroker\tmp\jetty-localhost-8161-console.war-_console-any-6626271569015868541.dir\webapp\WEB-INF\lib\httpcore-4.4.4.jar
2023-02-01 12:54:44,024 WARN  [org.apache.activemq.artemis.logs] AMQ202015: Failed to clean up file C:\Users\gchavezveloz\Documents\course-projects\Messaging\jmsprojects\mybroker\tmp\jetty-localhost-8161-console.war-_console-any-6626271569015868541.dir\webapp\WEB-INF\lib\jolokia-core-1.3.7.jar
2023-02-01 12:54:44,025 WARN  [org.apache.activemq.artemis.logs] AMQ202015: Failed to clean up file C:\Users\gchavezveloz\Documents\course-projects\Messaging\jmsprojects\mybroker\tmp\jetty-localhost-8161-console.war-_console-any-6626271569015868541.dir\webapp\WEB-INF\lib\json-simple-1.1.1.jar
2023-02-01 12:54:44,026 WARN  [org.apache.activemq.artemis.logs] AMQ202015: Failed to clean up file C:\Users\gchavezveloz\Documents\course-projects\Messaging\jmsprojects\mybroker\tmp\jetty-localhost-8161-console.war-_console-any-6626271569015868541.dir\webapp\WEB-INF\lib\org.osgi.core-4.3.0.jar
2023-02-01 12:54:44,027 WARN  [org.apache.activemq.artemis.logs] AMQ202015: Failed to clean up file C:\Users\gchavezveloz\Documents\course-projects\Messaging\jmsprojects\mybroker\tmp\jetty-localhost-8161-console.war-_console-any-6626271569015868541.dir\webapp\WEB-INF\lib\org.osgi.enterprise-4.2.0.jar
2023-02-01 12:54:44,028 WARN  [org.apache.activemq.artemis.logs] AMQ202015: Failed to clean up file C:\Users\gchavezveloz\Documents\course-projects\Messaging\jmsprojects\mybroker\tmp\jetty-localhost-8161-console.war-_console-any-6626271569015868541.dir\webapp\WEB-INF\lib
2023-02-01 12:54:44,029 WARN  [org.apache.activemq.artemis.logs] AMQ202015: Failed to clean up file C:\Users\gchavezveloz\Documents\course-projects\Messaging\jmsprojects\mybroker\tmp\jetty-localhost-8161-console.war-_console-any-6626271569015868541.dir\webapp\WEB-INF
2023-02-01 12:54:44,037 WARN  [org.apache.activemq.artemis.logs] AMQ202015: Failed to clean up file C:\Users\gchavezveloz\Documents\course-projects\Messaging\jmsprojects\mybroker\tmp\jetty-localhost-8161-console.war-_console-any-6626271569015868541.dir\webapp
2023-02-01 12:54:44,038 WARN  [org.apache.activemq.artemis] AMQ244003: Temporary file not deleted on shutdown: C:\Users\gchavezveloz\Documents\course-projects\Messaging\jmsprojects\mybroker\tmp\jetty-localhost-8161-console.war-_console-any-6626271569015868541.dir
2023-02-01 12:54:44,039 INFO  [org.apache.activemq.artemis.core.server] AMQ221002: Apache ActiveMQ Artemis Message Broker version 2.6.2 [52298f11-a189-11ed-a210-b48c9db43341] stopped, uptime 5 minutes
2023-02-01 12:54:49,308 INFO  [org.apache.activemq.artemis.integration.bootstrap] AMQ101000: Starting ActiveMQ Artemis Server
2023-02-01 12:54:49,386 INFO  [org.apache.activemq.artemis.core.server] AMQ221000: live Message Broker is starting with configuration Broker Configuration (clustered=false,journalDirectory=data/journal,bindingsDirectory=data/bindings,largeMessagesDirectory=data/large-messages,pagingDirectory=data/paging)
2023-02-01 12:54:49,424 INFO  [org.apache.activemq.artemis.core.server] AMQ221013: Using NIO Journal
2023-02-01 12:54:49,476 INFO  [org.apache.activemq.artemis.core.server] AMQ221057: Global Max Size is being adjusted to 1/2 of the JVM max size (-Xmx). being defined as 536,870,912
2023-02-01 12:54:49,525 INFO  [org.apache.activemq.artemis.core.server] AMQ221043: Protocol module found: [artemis-server]. Adding protocol support for: CORE
2023-02-01 12:54:49,543 INFO  [org.apache.activemq.artemis.core.server] AMQ221043: Protocol module found: [artemis-amqp-protocol]. Adding protocol support for: AMQP
2023-02-01 12:54:49,544 INFO  [org.apache.activemq.artemis.core.server] AMQ221043: Protocol module found: [artemis-hornetq-protocol]. Adding protocol support for: HORNETQ
2023-02-01 12:54:49,544 INFO  [org.apache.activemq.artemis.core.server] AMQ221043: Protocol module found: [artemis-mqtt-protocol]. Adding protocol support for: MQTT
2023-02-01 12:54:49,545 INFO  [org.apache.activemq.artemis.core.server] AMQ221043: Protocol module found: [artemis-openwire-protocol]. Adding protocol support for: OPENWIRE
2023-02-01 12:54:49,546 INFO  [org.apache.activemq.artemis.core.server] AMQ221043: Protocol module found: [artemis-stomp-protocol]. Adding protocol support for: STOMP
2023-02-01 12:54:49,608 INFO  [org.apache.activemq.artemis.core.server] AMQ221034: Waiting indefinitely to obtain live lock
2023-02-01 12:54:49,608 INFO  [org.apache.activemq.artemis.core.server] AMQ221035: Live Server Obtained live lock
2023-02-01 12:54:50,636 INFO  [org.apache.activemq.artemis.core.server] AMQ221003: Deploying queue DLQ on address DLQ
2023-02-01 12:54:50,637 INFO  [org.apache.activemq.artemis.core.server] AMQ221003: Deploying queue ExpiryQueue on address ExpiryQueue
2023-02-01 12:54:51,882 INFO  [org.apache.activemq.artemis.core.server] AMQ221020: Started NIO Acceptor at 0.0.0.0:61616 for protocols [CORE,MQTT,AMQP,STOMP,HORNETQ,OPENWIRE]
2023-02-01 12:54:52,105 INFO  [org.apache.activemq.artemis.core.server] AMQ221020: Started NIO Acceptor at 0.0.0.0:5445 for protocols [HORNETQ,STOMP]
2023-02-01 12:54:52,356 INFO  [org.apache.activemq.artemis.core.server] AMQ221020: Started NIO Acceptor at 0.0.0.0:5672 for protocols [AMQP]
2023-02-01 12:54:52,618 INFO  [org.apache.activemq.artemis.core.server] AMQ221020: Started NIO Acceptor at 0.0.0.0:1883 for protocols [MQTT]
2023-02-01 12:54:52,894 INFO  [org.apache.activemq.artemis.core.server] AMQ221020: Started NIO Acceptor at 0.0.0.0:61613 for protocols [STOMP]
2023-02-01 12:54:52,899 INFO  [org.apache.activemq.artemis.core.server] AMQ221007: Server is now live
2023-02-01 12:54:52,899 INFO  [org.apache.activemq.artemis.core.server] AMQ221001: Apache ActiveMQ Artemis Message Broker version 2.6.2 [0.0.0.0, nodeID=52298f11-a189-11ed-a210-b48c9db43341] 
2023-02-01 12:54:53,408 INFO  [org.apache.activemq.hawtio.branding.PluginContextListener] Initialized activemq-branding plugin
2023-02-01 12:54:53,692 INFO  [org.apache.activemq.hawtio.plugin.PluginContextListener] Initialized artemis-plugin plugin
2023-02-01 12:54:56,750 INFO  [io.hawt.HawtioContextListener] Initialising hawtio services
2023-02-01 12:54:56,803 INFO  [io.hawt.system.ConfigManager] Configuration will be discovered via system properties
2023-02-01 12:54:56,813 INFO  [io.hawt.jmx.JmxTreeWatcher] Welcome to hawtio 1.5.5 : http://hawt.io/ : Don't cha wish your console was hawt like me? ;-)
2023-02-01 12:54:56,825 INFO  [io.hawt.jmx.UploadManager] Using file upload directory: C:\Users\gchavezveloz\Documents\course-projects\Messaging\jmsprojects\mybroker\tmp\uploads
2023-02-01 12:54:56,906 INFO  [io.hawt.web.AuthenticationFilter] Starting hawtio authentication filter, JAAS realm: "activemq" authorized role(s): "amq" role principal classes: "org.apache.activemq.artemis.spi.core.security.jaas.RolePrincipal"
2023-02-01 12:54:57,072 INFO  [io.hawt.web.JolokiaConfiguredAgentServlet] Jolokia overridden property: [key=policyLocation, value=file:/C:/Users/gchavezveloz/Documents/course-projects/Messaging/jmsprojects/mybroker/etc/\jolokia-access.xml]
2023-02-01 12:54:57,467 INFO  [io.hawt.web.RBACMBeanInvoker] Using MBean [hawtio:type=security,area=jmx,rank=0,name=HawtioDummyJMXSecurity] for role based access control
2023-02-01 12:55:07,658 INFO  [io.hawt.system.ProxyWhitelist] Initial proxy whitelist: [localhost, 127.0.0.1, 10.29.94.78, USQROGCHAVEZVE1.us.deloitte.com, 192.168.100.102]
2023-02-01 12:55:08,929 INFO  [org.apache.activemq.artemis] AMQ241001: HTTP Server started at http://localhost:8161
2023-02-01 12:55:08,929 INFO  [org.apache.activemq.artemis] AMQ241002: Artemis Jolokia REST API available at http://localhost:8161/console/jolokia
2023-02-01 12:55:08,932 INFO  [org.apache.activemq.artemis] AMQ241004: Artemis Console available at http://localhost:8161/console
2023-02-01 12:55:48,565 INFO  [io.hawt.web.AuthenticationFilter] Destroying hawtio authentication filter
2023-02-01 12:55:48,568 INFO  [io.hawt.HawtioContextListener] Destroying hawtio services
2023-02-01 12:55:49,747 INFO  [org.apache.activemq.hawtio.plugin.PluginContextListener] Destroyed artemis-plugin plugin
2023-02-01 12:55:49,815 INFO  [org.apache.activemq.hawtio.branding.PluginContextListener] Destroyed activemq-branding plugin
2023-02-01 12:55:57,730 WARN  [org.apache.activemq.artemis.logs] AMQ202015: Failed to clean up file C:\Users\gchavezveloz\Documents\course-projects\Messaging\jmsprojects\mybroker\tmp\jetty-localhost-8161-activemq-branding.war-_activemq-branding-any-7976301516361845618.dir\webapp\WEB-INF\lib\hawtio-plugin-mbean-1.5.5.jar
2023-02-01 12:55:57,732 WARN  [org.apache.activemq.artemis.logs] AMQ202015: Failed to clean up file C:\Users\gchavezveloz\Documents\course-projects\Messaging\jmsprojects\mybroker\tmp\jetty-localhost-8161-activemq-branding.war-_activemq-branding-any-7976301516361845618.dir\webapp\WEB-INF\lib\log4j-1.2.16.jar
2023-02-01 12:55:57,735 WARN  [org.apache.activemq.artemis.logs] AMQ202015: Failed to clean up file C:\Users\gchavezveloz\Documents\course-projects\Messaging\jmsprojects\mybroker\tmp\jetty-localhost-8161-activemq-branding.war-_activemq-branding-any-7976301516361845618.dir\webapp\WEB-INF\lib
2023-02-01 12:55:57,738 WARN  [org.apache.activemq.artemis.logs] AMQ202015: Failed to clean up file C:\Users\gchavezveloz\Documents\course-projects\Messaging\jmsprojects\mybroker\tmp\jetty-localhost-8161-activemq-branding.war-_activemq-branding-any-7976301516361845618.dir\webapp\WEB-INF
2023-02-01 12:55:57,739 WARN  [org.apache.activemq.artemis.logs] AMQ202015: Failed to clean up file C:\Users\gchavezveloz\Documents\course-projects\Messaging\jmsprojects\mybroker\tmp\jetty-localhost-8161-activemq-branding.war-_activemq-branding-any-7976301516361845618.dir\webapp
2023-02-01 12:55:57,740 WARN  [org.apache.activemq.artemis] AMQ244003: Temporary file not deleted on shutdown: C:\Users\gchavezveloz\Documents\course-projects\Messaging\jmsprojects\mybroker\tmp\jetty-localhost-8161-activemq-branding.war-_activemq-branding-any-7976301516361845618.dir
2023-02-01 12:56:05,573 WARN  [org.apache.activemq.artemis.logs] AMQ202015: Failed to clean up file C:\Users\gchavezveloz\Documents\course-projects\Messaging\jmsprojects\mybroker\tmp\jetty-localhost-8161-artemis-plugin.war-_artemis-plugin-any-8780788159626505322.dir\webapp\WEB-INF\lib\hawtio-plugin-mbean-1.5.5.jar
2023-02-01 12:56:06,877 WARN  [org.apache.activemq.artemis.logs] AMQ202015: Failed to clean up file C:\Users\gchavezveloz\Documents\course-projects\Messaging\jmsprojects\mybroker\tmp\jetty-localhost-8161-artemis-plugin.war-_artemis-plugin-any-8780788159626505322.dir\webapp\WEB-INF\lib
2023-02-01 12:56:06,898 WARN  [org.apache.activemq.artemis.logs] AMQ202015: Failed to clean up file C:\Users\gchavezveloz\Documents\course-projects\Messaging\jmsprojects\mybroker\tmp\jetty-localhost-8161-artemis-plugin.war-_artemis-plugin-any-8780788159626505322.dir\webapp\WEB-INF
2023-02-01 12:56:06,899 WARN  [org.apache.activemq.artemis.logs] AMQ202015: Failed to clean up file C:\Users\gchavezveloz\Documents\course-projects\Messaging\jmsprojects\mybroker\tmp\jetty-localhost-8161-artemis-plugin.war-_artemis-plugin-any-8780788159626505322.dir\webapp
2023-02-01 12:56:06,905 WARN  [org.apache.activemq.artemis] AMQ244003: Temporary file not deleted on shutdown: C:\Users\gchavezveloz\Documents\course-projects\Messaging\jmsprojects\mybroker\tmp\jetty-localhost-8161-artemis-plugin.war-_artemis-plugin-any-8780788159626505322.dir
2023-02-01 12:56:14,760 WARN  [org.apache.activemq.artemis.logs] AMQ202015: Failed to clean up file C:\Users\gchavezveloz\Documents\course-projects\Messaging\jmsprojects\mybroker\tmp\jetty-localhost-8161-console.war-_console-any-8360149448083547812.dir\webapp\WEB-INF\lib\commons-codec-1.10.jar
2023-02-01 12:56:14,760 WARN  [org.apache.activemq.artemis.logs] AMQ202015: Failed to clean up file C:\Users\gchavezveloz\Documents\course-projects\Messaging\jmsprojects\mybroker\tmp\jetty-localhost-8161-console.war-_console-any-8360149448083547812.dir\webapp\WEB-INF\lib\commons-fileupload-1.3.2.jar
2023-02-01 12:56:14,763 WARN  [org.apache.activemq.artemis.logs] AMQ202015: Failed to clean up file C:\Users\gchavezveloz\Documents\course-projects\Messaging\jmsprojects\mybroker\tmp\jetty-localhost-8161-console.war-_console-any-8360149448083547812.dir\webapp\WEB-INF\lib\commons-io-2.2.jar
2023-02-01 12:56:14,769 WARN  [org.apache.activemq.artemis.logs] AMQ202015: Failed to clean up file C:\Users\gchavezveloz\Documents\course-projects\Messaging\jmsprojects\mybroker\tmp\jetty-localhost-8161-console.war-_console-any-8360149448083547812.dir\webapp\WEB-INF\lib\commons-logging-1.0.3.jar
2023-02-01 12:56:14,771 WARN  [org.apache.activemq.artemis.logs] AMQ202015: Failed to clean up file C:\Users\gchavezveloz\Documents\course-projects\Messaging\jmsprojects\mybroker\tmp\jetty-localhost-8161-console.war-_console-any-8360149448083547812.dir\webapp\WEB-INF\lib\guava-21.0.jar
2023-02-01 12:56:14,772 WARN  [org.apache.activemq.artemis.logs] AMQ202015: Failed to clean up file C:\Users\gchavezveloz\Documents\course-projects\Messaging\jmsprojects\mybroker\tmp\jetty-localhost-8161-console.war-_console-any-8360149448083547812.dir\webapp\WEB-INF\lib\hawtio-core-1.5.5.jar
2023-02-01 12:56:14,773 WARN  [org.apache.activemq.artemis.logs] AMQ202015: Failed to clean up file C:\Users\gchavezveloz\Documents\course-projects\Messaging\jmsprojects\mybroker\tmp\jetty-localhost-8161-console.war-_console-any-8360149448083547812.dir\webapp\WEB-INF\lib\hawtio-git-1.5.5.jar
2023-02-01 12:56:14,777 WARN  [org.apache.activemq.artemis.logs] AMQ202015: Failed to clean up file C:\Users\gchavezveloz\Documents\course-projects\Messaging\jmsprojects\mybroker\tmp\jetty-localhost-8161-console.war-_console-any-8360149448083547812.dir\webapp\WEB-INF\lib\hawtio-system-1.5.5.jar
2023-02-01 12:56:14,778 WARN  [org.apache.activemq.artemis.logs] AMQ202015: Failed to clean up file C:\Users\gchavezveloz\Documents\course-projects\Messaging\jmsprojects\mybroker\tmp\jetty-localhost-8161-console.war-_console-any-8360149448083547812.dir\webapp\WEB-INF\lib\hawtio-util-1.5.5.jar
2023-02-01 12:56:14,780 WARN  [org.apache.activemq.artemis.logs] AMQ202015: Failed to clean up file C:\Users\gchavezveloz\Documents\course-projects\Messaging\jmsprojects\mybroker\tmp\jetty-localhost-8161-console.war-_console-any-8360149448083547812.dir\webapp\WEB-INF\lib\httpcore-4.4.4.jar
2023-02-01 12:56:14,781 WARN  [org.apache.activemq.artemis.logs] AMQ202015: Failed to clean up file C:\Users\gchavezveloz\Documents\course-projects\Messaging\jmsprojects\mybroker\tmp\jetty-localhost-8161-console.war-_console-any-8360149448083547812.dir\webapp\WEB-INF\lib\jolokia-core-1.3.7.jar
2023-02-01 12:56:14,782 WARN  [org.apache.activemq.artemis.logs] AMQ202015: Failed to clean up file C:\Users\gchavezveloz\Documents\course-projects\Messaging\jmsprojects\mybroker\tmp\jetty-localhost-8161-console.war-_console-any-8360149448083547812.dir\webapp\WEB-INF\lib\json-simple-1.1.1.jar
2023-02-01 12:56:14,783 WARN  [org.apache.activemq.artemis.logs] AMQ202015: Failed to clean up file C:\Users\gchavezveloz\Documents\course-projects\Messaging\jmsprojects\mybroker\tmp\jetty-localhost-8161-console.war-_console-any-8360149448083547812.dir\webapp\WEB-INF\lib\org.osgi.core-4.3.0.jar
2023-02-01 12:56:14,784 WARN  [org.apache.activemq.artemis.logs] AMQ202015: Failed to clean up file C:\Users\gchavezveloz\Documents\course-projects\Messaging\jmsprojects\mybroker\tmp\jetty-localhost-8161-console.war-_console-any-8360149448083547812.dir\webapp\WEB-INF\lib\org.osgi.enterprise-4.2.0.jar
2023-02-01 12:56:14,785 WARN  [org.apache.activemq.artemis.logs] AMQ202015: Failed to clean up file C:\Users\gchavezveloz\Documents\course-projects\Messaging\jmsprojects\mybroker\tmp\jetty-localhost-8161-console.war-_console-any-8360149448083547812.dir\webapp\WEB-INF\lib
2023-02-01 12:56:14,786 WARN  [org.apache.activemq.artemis.logs] AMQ202015: Failed to clean up file C:\Users\gchavezveloz\Documents\course-projects\Messaging\jmsprojects\mybroker\tmp\jetty-localhost-8161-console.war-_console-any-8360149448083547812.dir\webapp\WEB-INF
2023-02-01 12:56:14,787 WARN  [org.apache.activemq.artemis.logs] AMQ202015: Failed to clean up file C:\Users\gchavezveloz\Documents\course-projects\Messaging\jmsprojects\mybroker\tmp\jetty-localhost-8161-console.war-_console-any-8360149448083547812.dir\webapp
2023-02-01 12:56:14,788 WARN  [org.apache.activemq.artemis] AMQ244003: Temporary file not deleted on shutdown: C:\Users\gchavezveloz\Documents\course-projects\Messaging\jmsprojects\mybroker\tmp\jetty-localhost-8161-console.war-_console-any-8360149448083547812.dir
2023-02-01 12:56:14,794 INFO  [org.apache.activemq.artemis.core.server] AMQ221002: Apache ActiveMQ Artemis Message Broker version 2.6.2 [52298f11-a189-11ed-a210-b48c9db43341] stopped, uptime 1 minute
