2023-03-10 09:07:24,486 INFO  [org.apache.activemq.artemis.integration.bootstrap] AMQ101000: Starting ActiveMQ Artemis Server
2023-03-10 09:07:24,556 INFO  [org.apache.activemq.artemis.core.server] AMQ221000: live Message Broker is starting with configuration Broker Configuration (clustered=false,journalDirectory=data/journal,bindingsDirectory=data/bindings,largeMessagesDirectory=data/large-messages,pagingDirectory=data/paging)
2023-03-10 09:07:24,584 INFO  [org.apache.activemq.artemis.core.server] AMQ221013: Using NIO Journal
2023-03-10 09:07:24,633 INFO  [org.apache.activemq.artemis.core.server] AMQ221057: Global Max Size is being adjusted to 1/2 of the JVM max size (-Xmx). being defined as 536,870,912
2023-03-10 09:07:24,655 INFO  [org.apache.activemq.artemis.core.server] AMQ221043: Protocol module found: [artemis-server]. Adding protocol support for: CORE
2023-03-10 09:07:24,656 INFO  [org.apache.activemq.artemis.core.server] AMQ221043: Protocol module found: [artemis-amqp-protocol]. Adding protocol support for: AMQP
2023-03-10 09:07:24,656 INFO  [org.apache.activemq.artemis.core.server] AMQ221043: Protocol module found: [artemis-hornetq-protocol]. Adding protocol support for: HORNETQ
2023-03-10 09:07:24,657 INFO  [org.apache.activemq.artemis.core.server] AMQ221043: Protocol module found: [artemis-mqtt-protocol]. Adding protocol support for: MQTT
2023-03-10 09:07:24,657 INFO  [org.apache.activemq.artemis.core.server] AMQ221043: Protocol module found: [artemis-openwire-protocol]. Adding protocol support for: OPENWIRE
2023-03-10 09:07:24,658 INFO  [org.apache.activemq.artemis.core.server] AMQ221043: Protocol module found: [artemis-stomp-protocol]. Adding protocol support for: STOMP
2023-03-10 09:07:24,696 INFO  [org.apache.activemq.artemis.core.server] AMQ221034: Waiting indefinitely to obtain live lock
2023-03-10 09:07:24,697 INFO  [org.apache.activemq.artemis.core.server] AMQ221035: Live Server Obtained live lock
2023-03-10 09:07:25,169 INFO  [org.apache.activemq.artemis.core.server] AMQ221003: Deploying queue DLQ on address DLQ
2023-03-10 09:07:25,169 INFO  [org.apache.activemq.artemis.core.server] AMQ221003: Deploying queue ExpiryQueue on address ExpiryQueue
2023-03-10 09:07:25,788 ERROR [org.apache.activemq.artemis.core.server] AMQ224000: Failure in initialisation: java.net.BindException: Address already in use: bind
	at sun.nio.ch.Net.bind0(Native Method) [rt.jar:1.8.0_144]
	at sun.nio.ch.Net.bind(Net.java:433) [rt.jar:1.8.0_144]
	at sun.nio.ch.Net.bind(Net.java:425) [rt.jar:1.8.0_144]
	at sun.nio.ch.ServerSocketChannelImpl.bind(ServerSocketChannelImpl.java:223) [rt.jar:1.8.0_144]
	at io.netty.channel.socket.nio.NioServerSocketChannel.doBind(NioServerSocketChannel.java:128) [netty-all-4.1.24.Final.jar:4.1.24.Final]
	at io.netty.channel.AbstractChannel$AbstractUnsafe.bind(AbstractChannel.java:558) [netty-all-4.1.24.Final.jar:4.1.24.Final]
	at io.netty.channel.DefaultChannelPipeline$HeadContext.bind(DefaultChannelPipeline.java:1358) [netty-all-4.1.24.Final.jar:4.1.24.Final]
	at io.netty.channel.AbstractChannelHandlerContext.invokeBind(AbstractChannelHandlerContext.java:501) [netty-all-4.1.24.Final.jar:4.1.24.Final]
	at io.netty.channel.AbstractChannelHandlerContext.bind(AbstractChannelHandlerContext.java:486) [netty-all-4.1.24.Final.jar:4.1.24.Final]
	at io.netty.channel.DefaultChannelPipeline.bind(DefaultChannelPipeline.java:1019) [netty-all-4.1.24.Final.jar:4.1.24.Final]
	at io.netty.channel.AbstractChannel.bind(AbstractChannel.java:254) [netty-all-4.1.24.Final.jar:4.1.24.Final]
	at io.netty.bootstrap.AbstractBootstrap$2.run(AbstractBootstrap.java:366) [netty-all-4.1.24.Final.jar:4.1.24.Final]
	at io.netty.util.concurrent.AbstractEventExecutor.safeExecute(AbstractEventExecutor.java:163) [netty-all-4.1.24.Final.jar:4.1.24.Final]
	at io.netty.util.concurrent.SingleThreadEventExecutor.runAllTasks(SingleThreadEventExecutor.java:404) [netty-all-4.1.24.Final.jar:4.1.24.Final]
	at io.netty.channel.nio.NioEventLoop.run(NioEventLoop.java:463) [netty-all-4.1.24.Final.jar:4.1.24.Final]
	at io.netty.util.concurrent.SingleThreadEventExecutor$5.run(SingleThreadEventExecutor.java:884) [netty-all-4.1.24.Final.jar:4.1.24.Final]
	at org.apache.activemq.artemis.utils.ActiveMQThreadFactory$1.run(ActiveMQThreadFactory.java:118) [artemis-commons-2.6.2.jar:2.6.2]

2023-03-10 09:07:25,792 INFO  [org.apache.activemq.artemis.core.server] AMQ221001: Apache ActiveMQ Artemis Message Broker version 2.6.2 [0.0.0.0, nodeID=65f09ae9-bdc4-11ed-878f-b48c9db43341] 
2023-03-10 09:07:26,084 INFO  [org.apache.activemq.hawtio.branding.PluginContextListener] Initialized activemq-branding plugin
2023-03-10 09:07:26,235 INFO  [org.apache.activemq.hawtio.plugin.PluginContextListener] Initialized artemis-plugin plugin
2023-03-10 09:07:27,375 INFO  [io.hawt.HawtioContextListener] Initialising hawtio services
2023-03-10 09:07:27,400 INFO  [io.hawt.system.ConfigManager] Configuration will be discovered via system properties
2023-03-10 09:07:27,404 INFO  [io.hawt.jmx.JmxTreeWatcher] Welcome to hawtio 1.5.5 : http://hawt.io/ : Don't cha wish your console was hawt like me? ;-)
2023-03-10 09:07:27,410 INFO  [io.hawt.jmx.UploadManager] Using file upload directory: C:\Users\gchavezveloz\Documents\mybroker\tmp\uploads
2023-03-10 09:07:27,457 INFO  [io.hawt.web.AuthenticationFilter] Starting hawtio authentication filter, JAAS realm: "activemq" authorized role(s): "amq" role principal classes: "org.apache.activemq.artemis.spi.core.security.jaas.RolePrincipal"
2023-03-10 09:07:27,534 INFO  [io.hawt.web.JolokiaConfiguredAgentServlet] Jolokia overridden property: [key=policyLocation, value=file:/C:/Users/gchavezveloz/Documents/mybroker/etc/\jolokia-access.xml]
2023-03-10 09:07:27,687 INFO  [io.hawt.web.RBACMBeanInvoker] Using MBean [hawtio:type=security,area=jmx,rank=0,name=HawtioDummyJMXSecurity] for role based access control
2023-03-10 09:07:28,269 INFO  [io.hawt.system.ProxyWhitelist] Initial proxy whitelist: [localhost, 127.0.0.1, 172.25.64.1, USQROGCHAVEZVE1.mshome.net, kubernetes.docker.internal, 10.29.24.68, USQROGCHAVEZVE1.us.deloitte.com, 192.168.100.102, host.docker.internal]
2023-03-10 09:07:28,827 INFO  [org.apache.activemq.artemis] AMQ241001: HTTP Server started at http://localhost:8161
2023-03-10 09:07:28,828 INFO  [org.apache.activemq.artemis] AMQ241002: Artemis Jolokia REST API available at http://localhost:8161/console/jolokia
2023-03-10 09:07:28,831 INFO  [org.apache.activemq.artemis] AMQ241004: Artemis Console available at http://localhost:8161/console
2023-03-10 09:13:02,542 INFO  [io.hawt.web.keycloak.KeycloakServlet] Keycloak integration is disabled
2023-03-10 09:13:09,040 INFO  [io.hawt.web.LoginServlet] hawtio login is using 1800 sec. HttpSession timeout
2023-03-10 09:52:03,437 INFO  [io.hawt.web.AuthenticationFilter] Destroying hawtio authentication filter
2023-03-10 09:52:03,443 INFO  [io.hawt.HawtioContextListener] Destroying hawtio services
2023-03-10 09:52:04,402 INFO  [org.apache.activemq.hawtio.plugin.PluginContextListener] Destroyed artemis-plugin plugin
2023-03-10 09:52:04,470 INFO  [org.apache.activemq.hawtio.branding.PluginContextListener] Destroyed activemq-branding plugin
2023-03-10 09:52:12,653 WARN  [org.apache.activemq.artemis.logs] AMQ202015: Failed to clean up file C:\Users\gchavezveloz\Documents\mybroker\tmp\jetty-localhost-8161-activemq-branding.war-_activemq-branding-any-2901292683970589809.dir\webapp\plugin\js\plugin.js
2023-03-10 09:52:12,655 WARN  [org.apache.activemq.artemis.logs] AMQ202015: Failed to clean up file C:\Users\gchavezveloz\Documents\mybroker\tmp\jetty-localhost-8161-activemq-branding.war-_activemq-branding-any-2901292683970589809.dir\webapp\plugin\js
2023-03-10 09:52:12,655 WARN  [org.apache.activemq.artemis.logs] AMQ202015: Failed to clean up file C:\Users\gchavezveloz\Documents\mybroker\tmp\jetty-localhost-8161-activemq-branding.war-_activemq-branding-any-2901292683970589809.dir\webapp\plugin
2023-03-10 09:52:12,657 WARN  [org.apache.activemq.artemis.logs] AMQ202015: Failed to clean up file C:\Users\gchavezveloz\Documents\mybroker\tmp\jetty-localhost-8161-activemq-branding.war-_activemq-branding-any-2901292683970589809.dir\webapp\WEB-INF\lib\hawtio-plugin-mbean-1.5.5.jar
2023-03-10 09:52:12,657 WARN  [org.apache.activemq.artemis.logs] AMQ202015: Failed to clean up file C:\Users\gchavezveloz\Documents\mybroker\tmp\jetty-localhost-8161-activemq-branding.war-_activemq-branding-any-2901292683970589809.dir\webapp\WEB-INF\lib\log4j-1.2.16.jar
2023-03-10 09:52:12,658 WARN  [org.apache.activemq.artemis.logs] AMQ202015: Failed to clean up file C:\Users\gchavezveloz\Documents\mybroker\tmp\jetty-localhost-8161-activemq-branding.war-_activemq-branding-any-2901292683970589809.dir\webapp\WEB-INF\lib
2023-03-10 09:52:12,658 WARN  [org.apache.activemq.artemis.logs] AMQ202015: Failed to clean up file C:\Users\gchavezveloz\Documents\mybroker\tmp\jetty-localhost-8161-activemq-branding.war-_activemq-branding-any-2901292683970589809.dir\webapp\WEB-INF
2023-03-10 09:52:12,659 WARN  [org.apache.activemq.artemis.logs] AMQ202015: Failed to clean up file C:\Users\gchavezveloz\Documents\mybroker\tmp\jetty-localhost-8161-activemq-branding.war-_activemq-branding-any-2901292683970589809.dir\webapp
2023-03-10 09:52:12,660 WARN  [org.apache.activemq.artemis] AMQ244003: Temporary file not deleted on shutdown: C:\Users\gchavezveloz\Documents\mybroker\tmp\jetty-localhost-8161-activemq-branding.war-_activemq-branding-any-2901292683970589809.dir
2023-03-10 09:52:20,463 WARN  [org.apache.activemq.artemis.logs] AMQ202015: Failed to clean up file C:\Users\gchavezveloz\Documents\mybroker\tmp\jetty-localhost-8161-artemis-plugin.war-_artemis-plugin-any-6389242096898885705.dir\webapp\plugin\js\address.js
2023-03-10 09:52:20,464 WARN  [org.apache.activemq.artemis.logs] AMQ202015: Failed to clean up file C:\Users\gchavezveloz\Documents\mybroker\tmp\jetty-localhost-8161-artemis-plugin.war-_artemis-plugin-any-6389242096898885705.dir\webapp\plugin\js\addresses.js
2023-03-10 09:52:20,465 WARN  [org.apache.activemq.artemis.logs] AMQ202015: Failed to clean up file C:\Users\gchavezveloz\Documents\mybroker\tmp\jetty-localhost-8161-artemis-plugin.war-_artemis-plugin-any-6389242096898885705.dir\webapp\plugin\js\artemisHelpers.js
2023-03-10 09:52:20,466 WARN  [org.apache.activemq.artemis.logs] AMQ202015: Failed to clean up file C:\Users\gchavezveloz\Documents\mybroker\tmp\jetty-localhost-8161-artemis-plugin.war-_artemis-plugin-any-6389242096898885705.dir\webapp\plugin\js\artemisPlugin.js
2023-03-10 09:52:20,467 WARN  [org.apache.activemq.artemis.logs] AMQ202015: Failed to clean up file C:\Users\gchavezveloz\Documents\mybroker\tmp\jetty-localhost-8161-artemis-plugin.war-_artemis-plugin-any-6389242096898885705.dir\webapp\plugin\js\artemisService.js
2023-03-10 09:52:20,468 WARN  [org.apache.activemq.artemis.logs] AMQ202015: Failed to clean up file C:\Users\gchavezveloz\Documents\mybroker\tmp\jetty-localhost-8161-artemis-plugin.war-_artemis-plugin-any-6389242096898885705.dir\webapp\plugin\js\brokerDiagram.js
2023-03-10 09:52:20,469 WARN  [org.apache.activemq.artemis.logs] AMQ202015: Failed to clean up file C:\Users\gchavezveloz\Documents\mybroker\tmp\jetty-localhost-8161-artemis-plugin.war-_artemis-plugin-any-6389242096898885705.dir\webapp\plugin\js\browse.js
2023-03-10 09:52:20,470 WARN  [org.apache.activemq.artemis.logs] AMQ202015: Failed to clean up file C:\Users\gchavezveloz\Documents\mybroker\tmp\jetty-localhost-8161-artemis-plugin.war-_artemis-plugin-any-6389242096898885705.dir\webapp\plugin\js\connections.js
2023-03-10 09:52:20,470 WARN  [org.apache.activemq.artemis.logs] AMQ202015: Failed to clean up file C:\Users\gchavezveloz\Documents\mybroker\tmp\jetty-localhost-8161-artemis-plugin.war-_artemis-plugin-any-6389242096898885705.dir\webapp\plugin\js\consumers.js
2023-03-10 09:52:20,471 WARN  [org.apache.activemq.artemis.logs] AMQ202015: Failed to clean up file C:\Users\gchavezveloz\Documents\mybroker\tmp\jetty-localhost-8161-artemis-plugin.war-_artemis-plugin-any-6389242096898885705.dir\webapp\plugin\js\jmsHeaderSchema.js
2023-03-10 09:52:20,472 WARN  [org.apache.activemq.artemis.logs] AMQ202015: Failed to clean up file C:\Users\gchavezveloz\Documents\mybroker\tmp\jetty-localhost-8161-artemis-plugin.war-_artemis-plugin-any-6389242096898885705.dir\webapp\plugin\js\preferences.js
2023-03-10 09:52:20,473 WARN  [org.apache.activemq.artemis.logs] AMQ202015: Failed to clean up file C:\Users\gchavezveloz\Documents\mybroker\tmp\jetty-localhost-8161-artemis-plugin.war-_artemis-plugin-any-6389242096898885705.dir\webapp\plugin\js\producers.js
2023-03-10 09:52:20,474 WARN  [org.apache.activemq.artemis.logs] AMQ202015: Failed to clean up file C:\Users\gchavezveloz\Documents\mybroker\tmp\jetty-localhost-8161-artemis-plugin.war-_artemis-plugin-any-6389242096898885705.dir\webapp\plugin\js\queue.js
2023-03-10 09:52:20,474 WARN  [org.apache.activemq.artemis.logs] AMQ202015: Failed to clean up file C:\Users\gchavezveloz\Documents\mybroker\tmp\jetty-localhost-8161-artemis-plugin.war-_artemis-plugin-any-6389242096898885705.dir\webapp\plugin\js\queues.js
2023-03-10 09:52:20,475 WARN  [org.apache.activemq.artemis.logs] AMQ202015: Failed to clean up file C:\Users\gchavezveloz\Documents\mybroker\tmp\jetty-localhost-8161-artemis-plugin.war-_artemis-plugin-any-6389242096898885705.dir\webapp\plugin\js\send.js
2023-03-10 09:52:20,476 WARN  [org.apache.activemq.artemis.logs] AMQ202015: Failed to clean up file C:\Users\gchavezveloz\Documents\mybroker\tmp\jetty-localhost-8161-artemis-plugin.war-_artemis-plugin-any-6389242096898885705.dir\webapp\plugin\js\sessions.js
2023-03-10 09:52:20,481 WARN  [org.apache.activemq.artemis.logs] AMQ202015: Failed to clean up file C:\Users\gchavezveloz\Documents\mybroker\tmp\jetty-localhost-8161-artemis-plugin.war-_artemis-plugin-any-6389242096898885705.dir\webapp\plugin\js\tree.js
2023-03-10 09:52:20,482 WARN  [org.apache.activemq.artemis.logs] AMQ202015: Failed to clean up file C:\Users\gchavezveloz\Documents\mybroker\tmp\jetty-localhost-8161-artemis-plugin.war-_artemis-plugin-any-6389242096898885705.dir\webapp\plugin\js
2023-03-10 09:52:20,484 WARN  [org.apache.activemq.artemis.logs] AMQ202015: Failed to clean up file C:\Users\gchavezveloz\Documents\mybroker\tmp\jetty-localhost-8161-artemis-plugin.war-_artemis-plugin-any-6389242096898885705.dir\webapp\plugin\lib\artemis-console.js
2023-03-10 09:52:20,484 WARN  [org.apache.activemq.artemis.logs] AMQ202015: Failed to clean up file C:\Users\gchavezveloz\Documents\mybroker\tmp\jetty-localhost-8161-artemis-plugin.war-_artemis-plugin-any-6389242096898885705.dir\webapp\plugin\lib
2023-03-10 09:52:20,485 WARN  [org.apache.activemq.artemis.logs] AMQ202015: Failed to clean up file C:\Users\gchavezveloz\Documents\mybroker\tmp\jetty-localhost-8161-artemis-plugin.war-_artemis-plugin-any-6389242096898885705.dir\webapp\plugin
2023-03-10 09:52:20,486 WARN  [org.apache.activemq.artemis.logs] AMQ202015: Failed to clean up file C:\Users\gchavezveloz\Documents\mybroker\tmp\jetty-localhost-8161-artemis-plugin.war-_artemis-plugin-any-6389242096898885705.dir\webapp\WEB-INF\lib\hawtio-plugin-mbean-1.5.5.jar
2023-03-10 09:52:20,487 WARN  [org.apache.activemq.artemis.logs] AMQ202015: Failed to clean up file C:\Users\gchavezveloz\Documents\mybroker\tmp\jetty-localhost-8161-artemis-plugin.war-_artemis-plugin-any-6389242096898885705.dir\webapp\WEB-INF\lib
2023-03-10 09:52:20,487 WARN  [org.apache.activemq.artemis.logs] AMQ202015: Failed to clean up file C:\Users\gchavezveloz\Documents\mybroker\tmp\jetty-localhost-8161-artemis-plugin.war-_artemis-plugin-any-6389242096898885705.dir\webapp\WEB-INF
2023-03-10 09:52:20,487 WARN  [org.apache.activemq.artemis.logs] AMQ202015: Failed to clean up file C:\Users\gchavezveloz\Documents\mybroker\tmp\jetty-localhost-8161-artemis-plugin.war-_artemis-plugin-any-6389242096898885705.dir\webapp
2023-03-10 09:52:20,488 WARN  [org.apache.activemq.artemis] AMQ244003: Temporary file not deleted on shutdown: C:\Users\gchavezveloz\Documents\mybroker\tmp\jetty-localhost-8161-artemis-plugin.war-_artemis-plugin-any-6389242096898885705.dir
2023-03-10 09:52:28,311 WARN  [org.apache.activemq.artemis.logs] AMQ202015: Failed to clean up file C:\Users\gchavezveloz\Documents\mybroker\tmp\jetty-localhost-8161-console.war-_console-any-3557597953203077290.dir\webapp\WEB-INF\lib\commons-codec-1.10.jar
2023-03-10 09:52:28,312 WARN  [org.apache.activemq.artemis.logs] AMQ202015: Failed to clean up file C:\Users\gchavezveloz\Documents\mybroker\tmp\jetty-localhost-8161-console.war-_console-any-3557597953203077290.dir\webapp\WEB-INF\lib\commons-fileupload-1.3.2.jar
2023-03-10 09:52:28,313 WARN  [org.apache.activemq.artemis.logs] AMQ202015: Failed to clean up file C:\Users\gchavezveloz\Documents\mybroker\tmp\jetty-localhost-8161-console.war-_console-any-3557597953203077290.dir\webapp\WEB-INF\lib\commons-io-2.2.jar
2023-03-10 09:52:28,314 WARN  [org.apache.activemq.artemis.logs] AMQ202015: Failed to clean up file C:\Users\gchavezveloz\Documents\mybroker\tmp\jetty-localhost-8161-console.war-_console-any-3557597953203077290.dir\webapp\WEB-INF\lib\commons-logging-1.0.3.jar
2023-03-10 09:52:28,319 WARN  [org.apache.activemq.artemis.logs] AMQ202015: Failed to clean up file C:\Users\gchavezveloz\Documents\mybroker\tmp\jetty-localhost-8161-console.war-_console-any-3557597953203077290.dir\webapp\WEB-INF\lib\guava-21.0.jar
2023-03-10 09:52:28,320 WARN  [org.apache.activemq.artemis.logs] AMQ202015: Failed to clean up file C:\Users\gchavezveloz\Documents\mybroker\tmp\jetty-localhost-8161-console.war-_console-any-3557597953203077290.dir\webapp\WEB-INF\lib\hawtio-core-1.5.5.jar
2023-03-10 09:52:28,320 WARN  [org.apache.activemq.artemis.logs] AMQ202015: Failed to clean up file C:\Users\gchavezveloz\Documents\mybroker\tmp\jetty-localhost-8161-console.war-_console-any-3557597953203077290.dir\webapp\WEB-INF\lib\hawtio-git-1.5.5.jar
2023-03-10 09:52:28,321 WARN  [org.apache.activemq.artemis.logs] AMQ202015: Failed to clean up file C:\Users\gchavezveloz\Documents\mybroker\tmp\jetty-localhost-8161-console.war-_console-any-3557597953203077290.dir\webapp\WEB-INF\lib\hawtio-system-1.5.5.jar
2023-03-10 09:52:28,321 WARN  [org.apache.activemq.artemis.logs] AMQ202015: Failed to clean up file C:\Users\gchavezveloz\Documents\mybroker\tmp\jetty-localhost-8161-console.war-_console-any-3557597953203077290.dir\webapp\WEB-INF\lib\hawtio-util-1.5.5.jar
2023-03-10 09:52:28,324 WARN  [org.apache.activemq.artemis.logs] AMQ202015: Failed to clean up file C:\Users\gchavezveloz\Documents\mybroker\tmp\jetty-localhost-8161-console.war-_console-any-3557597953203077290.dir\webapp\WEB-INF\lib\httpcore-4.4.4.jar
2023-03-10 09:52:28,326 WARN  [org.apache.activemq.artemis.logs] AMQ202015: Failed to clean up file C:\Users\gchavezveloz\Documents\mybroker\tmp\jetty-localhost-8161-console.war-_console-any-3557597953203077290.dir\webapp\WEB-INF\lib\jolokia-core-1.3.7.jar
2023-03-10 09:52:28,328 WARN  [org.apache.activemq.artemis.logs] AMQ202015: Failed to clean up file C:\Users\gchavezveloz\Documents\mybroker\tmp\jetty-localhost-8161-console.war-_console-any-3557597953203077290.dir\webapp\WEB-INF\lib\json-simple-1.1.1.jar
2023-03-10 09:52:28,329 WARN  [org.apache.activemq.artemis.logs] AMQ202015: Failed to clean up file C:\Users\gchavezveloz\Documents\mybroker\tmp\jetty-localhost-8161-console.war-_console-any-3557597953203077290.dir\webapp\WEB-INF\lib\org.osgi.core-4.3.0.jar
2023-03-10 09:52:28,329 WARN  [org.apache.activemq.artemis.logs] AMQ202015: Failed to clean up file C:\Users\gchavezveloz\Documents\mybroker\tmp\jetty-localhost-8161-console.war-_console-any-3557597953203077290.dir\webapp\WEB-INF\lib\org.osgi.enterprise-4.2.0.jar
2023-03-10 09:52:28,330 WARN  [org.apache.activemq.artemis.logs] AMQ202015: Failed to clean up file C:\Users\gchavezveloz\Documents\mybroker\tmp\jetty-localhost-8161-console.war-_console-any-3557597953203077290.dir\webapp\WEB-INF\lib
2023-03-10 09:52:28,330 WARN  [org.apache.activemq.artemis.logs] AMQ202015: Failed to clean up file C:\Users\gchavezveloz\Documents\mybroker\tmp\jetty-localhost-8161-console.war-_console-any-3557597953203077290.dir\webapp\WEB-INF
2023-03-10 09:52:28,331 WARN  [org.apache.activemq.artemis.logs] AMQ202015: Failed to clean up file C:\Users\gchavezveloz\Documents\mybroker\tmp\jetty-localhost-8161-console.war-_console-any-3557597953203077290.dir\webapp
2023-03-10 09:52:28,331 WARN  [org.apache.activemq.artemis] AMQ244003: Temporary file not deleted on shutdown: C:\Users\gchavezveloz\Documents\mybroker\tmp\jetty-localhost-8161-console.war-_console-any-3557597953203077290.dir
2023-03-10 09:52:28,334 INFO  [org.apache.activemq.artemis.core.server] AMQ221002: Apache ActiveMQ Artemis Message Broker version 2.6.2 [65f09ae9-bdc4-11ed-878f-b48c9db43341] stopped, uptime 45 minutes
2023-03-10 09:52:35,865 INFO  [org.apache.activemq.artemis.integration.bootstrap] AMQ101000: Starting ActiveMQ Artemis Server
2023-03-10 09:52:35,938 INFO  [org.apache.activemq.artemis.core.server] AMQ221000: live Message Broker is starting with configuration Broker Configuration (clustered=false,journalDirectory=data/journal,bindingsDirectory=data/bindings,largeMessagesDirectory=data/large-messages,pagingDirectory=data/paging)
2023-03-10 09:52:35,968 INFO  [org.apache.activemq.artemis.core.server] AMQ221013: Using NIO Journal
2023-03-10 09:52:36,021 INFO  [org.apache.activemq.artemis.core.server] AMQ221057: Global Max Size is being adjusted to 1/2 of the JVM max size (-Xmx). being defined as 536,870,912
2023-03-10 09:52:36,046 INFO  [org.apache.activemq.artemis.core.server] AMQ221043: Protocol module found: [artemis-server]. Adding protocol support for: CORE
2023-03-10 09:52:36,047 INFO  [org.apache.activemq.artemis.core.server] AMQ221043: Protocol module found: [artemis-amqp-protocol]. Adding protocol support for: AMQP
2023-03-10 09:52:36,048 INFO  [org.apache.activemq.artemis.core.server] AMQ221043: Protocol module found: [artemis-hornetq-protocol]. Adding protocol support for: HORNETQ
2023-03-10 09:52:36,049 INFO  [org.apache.activemq.artemis.core.server] AMQ221043: Protocol module found: [artemis-mqtt-protocol]. Adding protocol support for: MQTT
2023-03-10 09:52:36,050 INFO  [org.apache.activemq.artemis.core.server] AMQ221043: Protocol module found: [artemis-openwire-protocol]. Adding protocol support for: OPENWIRE
2023-03-10 09:52:36,051 INFO  [org.apache.activemq.artemis.core.server] AMQ221043: Protocol module found: [artemis-stomp-protocol]. Adding protocol support for: STOMP
2023-03-10 09:52:36,095 INFO  [org.apache.activemq.artemis.core.server] AMQ221034: Waiting indefinitely to obtain live lock
2023-03-10 09:52:36,095 INFO  [org.apache.activemq.artemis.core.server] AMQ221035: Live Server Obtained live lock
2023-03-10 09:52:37,046 INFO  [org.apache.activemq.artemis.core.server] AMQ221003: Deploying queue DLQ on address DLQ
2023-03-10 09:52:37,047 INFO  [org.apache.activemq.artemis.core.server] AMQ221003: Deploying queue ExpiryQueue on address ExpiryQueue
2023-03-10 09:52:38,086 ERROR [org.apache.activemq.artemis.core.server] AMQ224000: Failure in initialisation: java.net.BindException: Address already in use: bind
	at sun.nio.ch.Net.bind0(Native Method) [rt.jar:1.8.0_144]
	at sun.nio.ch.Net.bind(Net.java:433) [rt.jar:1.8.0_144]
	at sun.nio.ch.Net.bind(Net.java:425) [rt.jar:1.8.0_144]
	at sun.nio.ch.ServerSocketChannelImpl.bind(ServerSocketChannelImpl.java:223) [rt.jar:1.8.0_144]
	at io.netty.channel.socket.nio.NioServerSocketChannel.doBind(NioServerSocketChannel.java:128) [netty-all-4.1.24.Final.jar:4.1.24.Final]
	at io.netty.channel.AbstractChannel$AbstractUnsafe.bind(AbstractChannel.java:558) [netty-all-4.1.24.Final.jar:4.1.24.Final]
	at io.netty.channel.DefaultChannelPipeline$HeadContext.bind(DefaultChannelPipeline.java:1358) [netty-all-4.1.24.Final.jar:4.1.24.Final]
	at io.netty.channel.AbstractChannelHandlerContext.invokeBind(AbstractChannelHandlerContext.java:501) [netty-all-4.1.24.Final.jar:4.1.24.Final]
	at io.netty.channel.AbstractChannelHandlerContext.bind(AbstractChannelHandlerContext.java:486) [netty-all-4.1.24.Final.jar:4.1.24.Final]
	at io.netty.channel.DefaultChannelPipeline.bind(DefaultChannelPipeline.java:1019) [netty-all-4.1.24.Final.jar:4.1.24.Final]
	at io.netty.channel.AbstractChannel.bind(AbstractChannel.java:254) [netty-all-4.1.24.Final.jar:4.1.24.Final]
	at io.netty.bootstrap.AbstractBootstrap$2.run(AbstractBootstrap.java:366) [netty-all-4.1.24.Final.jar:4.1.24.Final]
	at io.netty.util.concurrent.AbstractEventExecutor.safeExecute(AbstractEventExecutor.java:163) [netty-all-4.1.24.Final.jar:4.1.24.Final]
	at io.netty.util.concurrent.SingleThreadEventExecutor.runAllTasks(SingleThreadEventExecutor.java:404) [netty-all-4.1.24.Final.jar:4.1.24.Final]
	at io.netty.channel.nio.NioEventLoop.run(NioEventLoop.java:463) [netty-all-4.1.24.Final.jar:4.1.24.Final]
	at io.netty.util.concurrent.SingleThreadEventExecutor$5.run(SingleThreadEventExecutor.java:884) [netty-all-4.1.24.Final.jar:4.1.24.Final]
	at org.apache.activemq.artemis.utils.ActiveMQThreadFactory$1.run(ActiveMQThreadFactory.java:118) [artemis-commons-2.6.2.jar:2.6.2]

2023-03-10 09:52:38,098 INFO  [org.apache.activemq.artemis.core.server] AMQ221001: Apache ActiveMQ Artemis Message Broker version 2.6.2 [0.0.0.0, nodeID=65f09ae9-bdc4-11ed-878f-b48c9db43341] 
2023-03-10 09:52:38,532 INFO  [org.apache.activemq.hawtio.branding.PluginContextListener] Initialized activemq-branding plugin
2023-03-10 09:52:38,842 INFO  [org.apache.activemq.hawtio.plugin.PluginContextListener] Initialized artemis-plugin plugin
2023-03-10 09:52:41,239 INFO  [io.hawt.HawtioContextListener] Initialising hawtio services
2023-03-10 09:52:41,275 INFO  [io.hawt.system.ConfigManager] Configuration will be discovered via system properties
2023-03-10 09:52:41,283 INFO  [io.hawt.jmx.JmxTreeWatcher] Welcome to hawtio 1.5.5 : http://hawt.io/ : Don't cha wish your console was hawt like me? ;-)
2023-03-10 09:52:41,296 INFO  [io.hawt.jmx.UploadManager] Using file upload directory: C:\Users\gchavezveloz\Documents\mybroker\tmp\uploads
2023-03-10 09:52:41,365 INFO  [io.hawt.web.AuthenticationFilter] Starting hawtio authentication filter, JAAS realm: "activemq" authorized role(s): "amq" role principal classes: "org.apache.activemq.artemis.spi.core.security.jaas.RolePrincipal"
2023-03-10 09:52:41,516 INFO  [io.hawt.web.JolokiaConfiguredAgentServlet] Jolokia overridden property: [key=policyLocation, value=file:/C:/Users/gchavezveloz/Documents/mybroker/etc/\jolokia-access.xml]
2023-03-10 09:52:41,994 INFO  [io.hawt.web.RBACMBeanInvoker] Using MBean [hawtio:type=security,area=jmx,rank=0,name=HawtioDummyJMXSecurity] for role based access control
2023-03-10 09:52:43,230 INFO  [io.hawt.system.ProxyWhitelist] Initial proxy whitelist: [localhost, 127.0.0.1, 172.25.64.1, USQROGCHAVEZVE1.mshome.net, kubernetes.docker.internal, 10.29.24.68, USQROGCHAVEZVE1.us.deloitte.com, 192.168.100.102, host.docker.internal]
2023-03-10 09:52:44,245 INFO  [org.apache.activemq.artemis] AMQ241001: HTTP Server started at http://localhost:8161
2023-03-10 09:52:44,245 INFO  [org.apache.activemq.artemis] AMQ241002: Artemis Jolokia REST API available at http://localhost:8161/console/jolokia
2023-03-10 09:52:44,248 INFO  [org.apache.activemq.artemis] AMQ241004: Artemis Console available at http://localhost:8161/console
2023-03-10 09:53:03,537 INFO  [io.hawt.web.LoginServlet] hawtio login is using 1800 sec. HttpSession timeout
2023-03-10 09:58:27,513 INFO  [org.apache.activemq.artemis.integration.bootstrap] AMQ101000: Starting ActiveMQ Artemis Server
2023-03-10 09:58:27,636 INFO  [org.apache.activemq.artemis.core.server] AMQ221000: live Message Broker is starting with configuration Broker Configuration (clustered=false,journalDirectory=data/journal,bindingsDirectory=data/bindings,largeMessagesDirectory=data/large-messages,pagingDirectory=data/paging)
2023-03-10 09:58:27,687 INFO  [org.apache.activemq.artemis.core.server] AMQ221013: Using NIO Journal
2023-03-10 09:58:27,762 INFO  [org.apache.activemq.artemis.core.server] AMQ221057: Global Max Size is being adjusted to 1/2 of the JVM max size (-Xmx). being defined as 536,870,912
2023-03-10 09:58:27,795 INFO  [org.apache.activemq.artemis.core.server] AMQ221043: Protocol module found: [artemis-server]. Adding protocol support for: CORE
2023-03-10 09:58:27,796 INFO  [org.apache.activemq.artemis.core.server] AMQ221043: Protocol module found: [artemis-amqp-protocol]. Adding protocol support for: AMQP
2023-03-10 09:58:27,796 INFO  [org.apache.activemq.artemis.core.server] AMQ221043: Protocol module found: [artemis-hornetq-protocol]. Adding protocol support for: HORNETQ
2023-03-10 09:58:27,798 INFO  [org.apache.activemq.artemis.core.server] AMQ221043: Protocol module found: [artemis-mqtt-protocol]. Adding protocol support for: MQTT
2023-03-10 09:58:27,799 INFO  [org.apache.activemq.artemis.core.server] AMQ221043: Protocol module found: [artemis-openwire-protocol]. Adding protocol support for: OPENWIRE
2023-03-10 09:58:27,800 INFO  [org.apache.activemq.artemis.core.server] AMQ221043: Protocol module found: [artemis-stomp-protocol]. Adding protocol support for: STOMP
2023-03-10 09:58:27,873 INFO  [org.apache.activemq.artemis.core.server] AMQ221034: Waiting indefinitely to obtain live lock
2023-03-10 09:58:27,873 INFO  [org.apache.activemq.artemis.core.server] AMQ221035: Live Server Obtained live lock
2023-03-10 09:58:29,165 INFO  [org.apache.activemq.artemis.core.server] AMQ221003: Deploying queue DLQ on address DLQ
2023-03-10 09:58:29,166 INFO  [org.apache.activemq.artemis.core.server] AMQ221003: Deploying queue ExpiryQueue on address ExpiryQueue
2023-03-10 09:58:30,743 INFO  [org.apache.activemq.artemis.core.server] AMQ221020: Started NIO Acceptor at 0.0.0.0:61616 for protocols [CORE,MQTT,AMQP,STOMP,HORNETQ,OPENWIRE]
2023-03-10 09:58:30,961 INFO  [org.apache.activemq.artemis.core.server] AMQ221020: Started NIO Acceptor at 0.0.0.0:5445 for protocols [HORNETQ,STOMP]
2023-03-10 09:58:31,193 INFO  [org.apache.activemq.artemis.core.server] AMQ221020: Started NIO Acceptor at 0.0.0.0:5672 for protocols [AMQP]
2023-03-10 09:58:31,417 INFO  [org.apache.activemq.artemis.core.server] AMQ221020: Started NIO Acceptor at 0.0.0.0:1883 for protocols [MQTT]
2023-03-10 09:58:31,710 INFO  [org.apache.activemq.artemis.core.server] AMQ221020: Started NIO Acceptor at 0.0.0.0:61613 for protocols [STOMP]
2023-03-10 09:58:31,712 INFO  [org.apache.activemq.artemis.core.server] AMQ221007: Server is now live
2023-03-10 09:58:31,712 INFO  [org.apache.activemq.artemis.core.server] AMQ221001: Apache ActiveMQ Artemis Message Broker version 2.6.2 [0.0.0.0, nodeID=65f09ae9-bdc4-11ed-878f-b48c9db43341] 
2023-03-10 09:58:32,198 INFO  [org.apache.activemq.hawtio.branding.PluginContextListener] Initialized activemq-branding plugin
2023-03-10 09:58:32,535 INFO  [org.apache.activemq.hawtio.plugin.PluginContextListener] Initialized artemis-plugin plugin
2023-03-10 09:58:35,615 INFO  [io.hawt.HawtioContextListener] Initialising hawtio services
2023-03-10 09:58:35,668 INFO  [io.hawt.system.ConfigManager] Configuration will be discovered via system properties
2023-03-10 09:58:35,679 INFO  [io.hawt.jmx.JmxTreeWatcher] Welcome to hawtio 1.5.5 : http://hawt.io/ : Don't cha wish your console was hawt like me? ;-)
2023-03-10 09:58:35,697 INFO  [io.hawt.jmx.UploadManager] Using file upload directory: C:\Users\gchavezveloz\Documents\mybroker\tmp\uploads
2023-03-10 09:58:35,801 INFO  [io.hawt.web.AuthenticationFilter] Starting hawtio authentication filter, JAAS realm: "activemq" authorized role(s): "amq" role principal classes: "org.apache.activemq.artemis.spi.core.security.jaas.RolePrincipal"
2023-03-10 09:58:35,999 INFO  [io.hawt.web.JolokiaConfiguredAgentServlet] Jolokia overridden property: [key=policyLocation, value=file:/C:/Users/gchavezveloz/Documents/mybroker/etc/\jolokia-access.xml]
2023-03-10 09:58:36,452 INFO  [io.hawt.web.RBACMBeanInvoker] Using MBean [hawtio:type=security,area=jmx,rank=0,name=HawtioDummyJMXSecurity] for role based access control
2023-03-10 09:58:37,850 INFO  [io.hawt.system.ProxyWhitelist] Initial proxy whitelist: [localhost, 127.0.0.1, 172.31.144.1, USQROGCHAVEZVE1.mshome.net, kubernetes.docker.internal, 10.29.37.161, USQROGCHAVEZVE1.us.deloitte.com, 192.168.100.102, host.docker.internal]
2023-03-10 09:58:40,113 INFO  [org.apache.activemq.artemis] AMQ241001: HTTP Server started at http://localhost:8161
2023-03-10 09:58:40,133 INFO  [org.apache.activemq.artemis] AMQ241002: Artemis Jolokia REST API available at http://localhost:8161/console/jolokia
2023-03-10 09:58:40,136 INFO  [org.apache.activemq.artemis] AMQ241004: Artemis Console available at http://localhost:8161/console
2023-03-10 09:59:36,889 INFO  [io.hawt.web.keycloak.KeycloakServlet] Keycloak integration is disabled
2023-03-10 09:59:40,395 INFO  [io.hawt.web.LoginServlet] hawtio login is using 1800 sec. HttpSession timeout
2023-03-10 10:37:37,098 INFO  [io.hawt.web.SessionExpiryFilter] Expiring session due to inactivity
2023-03-10 11:20:15,711 INFO  [io.hawt.web.AuthenticationFilter] Destroying hawtio authentication filter
2023-03-10 11:20:15,723 INFO  [io.hawt.HawtioContextListener] Destroying hawtio services
2023-03-10 11:20:16,720 INFO  [org.apache.activemq.hawtio.plugin.PluginContextListener] Destroyed artemis-plugin plugin
2023-03-10 11:20:16,797 INFO  [org.apache.activemq.hawtio.branding.PluginContextListener] Destroyed activemq-branding plugin
2023-03-10 11:20:24,943 WARN  [org.apache.activemq.artemis.logs] AMQ202015: Failed to clean up file C:\Users\gchavezveloz\Documents\mybroker\tmp\jetty-localhost-8161-activemq-branding.war-_activemq-branding-any-6452865682839763419.dir\webapp\plugin\css\activemq.css
2023-03-10 11:20:24,945 WARN  [org.apache.activemq.artemis.logs] AMQ202015: Failed to clean up file C:\Users\gchavezveloz\Documents\mybroker\tmp\jetty-localhost-8161-activemq-branding.war-_activemq-branding-any-6452865682839763419.dir\webapp\plugin\css\branding.css
2023-03-10 11:20:24,946 WARN  [org.apache.activemq.artemis.logs] AMQ202015: Failed to clean up file C:\Users\gchavezveloz\Documents\mybroker\tmp\jetty-localhost-8161-activemq-branding.war-_activemq-branding-any-6452865682839763419.dir\webapp\plugin\css
2023-03-10 11:20:24,947 WARN  [org.apache.activemq.artemis.logs] AMQ202015: Failed to clean up file C:\Users\gchavezveloz\Documents\mybroker\tmp\jetty-localhost-8161-activemq-branding.war-_activemq-branding-any-6452865682839763419.dir\webapp\plugin\js\plugin.js
2023-03-10 11:20:24,948 WARN  [org.apache.activemq.artemis.logs] AMQ202015: Failed to clean up file C:\Users\gchavezveloz\Documents\mybroker\tmp\jetty-localhost-8161-activemq-branding.war-_activemq-branding-any-6452865682839763419.dir\webapp\plugin\js
2023-03-10 11:20:24,949 WARN  [org.apache.activemq.artemis.logs] AMQ202015: Failed to clean up file C:\Users\gchavezveloz\Documents\mybroker\tmp\jetty-localhost-8161-activemq-branding.war-_activemq-branding-any-6452865682839763419.dir\webapp\plugin
2023-03-10 11:20:24,950 WARN  [org.apache.activemq.artemis.logs] AMQ202015: Failed to clean up file C:\Users\gchavezveloz\Documents\mybroker\tmp\jetty-localhost-8161-activemq-branding.war-_activemq-branding-any-6452865682839763419.dir\webapp\WEB-INF\lib\hawtio-plugin-mbean-1.5.5.jar
2023-03-10 11:20:24,951 WARN  [org.apache.activemq.artemis.logs] AMQ202015: Failed to clean up file C:\Users\gchavezveloz\Documents\mybroker\tmp\jetty-localhost-8161-activemq-branding.war-_activemq-branding-any-6452865682839763419.dir\webapp\WEB-INF\lib\log4j-1.2.16.jar
2023-03-10 11:20:24,951 WARN  [org.apache.activemq.artemis.logs] AMQ202015: Failed to clean up file C:\Users\gchavezveloz\Documents\mybroker\tmp\jetty-localhost-8161-activemq-branding.war-_activemq-branding-any-6452865682839763419.dir\webapp\WEB-INF\lib
2023-03-10 11:20:24,952 WARN  [org.apache.activemq.artemis.logs] AMQ202015: Failed to clean up file C:\Users\gchavezveloz\Documents\mybroker\tmp\jetty-localhost-8161-activemq-branding.war-_activemq-branding-any-6452865682839763419.dir\webapp\WEB-INF
2023-03-10 11:20:24,952 WARN  [org.apache.activemq.artemis.logs] AMQ202015: Failed to clean up file C:\Users\gchavezveloz\Documents\mybroker\tmp\jetty-localhost-8161-activemq-branding.war-_activemq-branding-any-6452865682839763419.dir\webapp
2023-03-10 11:20:24,953 WARN  [org.apache.activemq.artemis] AMQ244003: Temporary file not deleted on shutdown: C:\Users\gchavezveloz\Documents\mybroker\tmp\jetty-localhost-8161-activemq-branding.war-_activemq-branding-any-6452865682839763419.dir
2023-03-10 11:20:33,017 WARN  [org.apache.activemq.artemis.logs] AMQ202015: Failed to clean up file C:\Users\gchavezveloz\Documents\mybroker\tmp\jetty-localhost-8161-artemis-plugin.war-_artemis-plugin-any-7517451482361951316.dir\webapp\plugin\html\consumers.html
2023-03-10 11:20:33,018 WARN  [org.apache.activemq.artemis.logs] AMQ202015: Failed to clean up file C:\Users\gchavezveloz\Documents\mybroker\tmp\jetty-localhost-8161-artemis-plugin.war-_artemis-plugin-any-7517451482361951316.dir\webapp\plugin\html
2023-03-10 11:20:33,019 WARN  [org.apache.activemq.artemis.logs] AMQ202015: Failed to clean up file C:\Users\gchavezveloz\Documents\mybroker\tmp\jetty-localhost-8161-artemis-plugin.war-_artemis-plugin-any-7517451482361951316.dir\webapp\plugin\js\address.js
2023-03-10 11:20:33,020 WARN  [org.apache.activemq.artemis.logs] AMQ202015: Failed to clean up file C:\Users\gchavezveloz\Documents\mybroker\tmp\jetty-localhost-8161-artemis-plugin.war-_artemis-plugin-any-7517451482361951316.dir\webapp\plugin\js\addresses.js
2023-03-10 11:20:33,021 WARN  [org.apache.activemq.artemis.logs] AMQ202015: Failed to clean up file C:\Users\gchavezveloz\Documents\mybroker\tmp\jetty-localhost-8161-artemis-plugin.war-_artemis-plugin-any-7517451482361951316.dir\webapp\plugin\js\artemisHelpers.js
2023-03-10 11:20:33,021 WARN  [org.apache.activemq.artemis.logs] AMQ202015: Failed to clean up file C:\Users\gchavezveloz\Documents\mybroker\tmp\jetty-localhost-8161-artemis-plugin.war-_artemis-plugin-any-7517451482361951316.dir\webapp\plugin\js\artemisPlugin.js
2023-03-10 11:20:33,022 WARN  [org.apache.activemq.artemis.logs] AMQ202015: Failed to clean up file C:\Users\gchavezveloz\Documents\mybroker\tmp\jetty-localhost-8161-artemis-plugin.war-_artemis-plugin-any-7517451482361951316.dir\webapp\plugin\js\artemisService.js
2023-03-10 11:20:33,023 WARN  [org.apache.activemq.artemis.logs] AMQ202015: Failed to clean up file C:\Users\gchavezveloz\Documents\mybroker\tmp\jetty-localhost-8161-artemis-plugin.war-_artemis-plugin-any-7517451482361951316.dir\webapp\plugin\js\brokerDiagram.js
2023-03-10 11:20:33,024 WARN  [org.apache.activemq.artemis.logs] AMQ202015: Failed to clean up file C:\Users\gchavezveloz\Documents\mybroker\tmp\jetty-localhost-8161-artemis-plugin.war-_artemis-plugin-any-7517451482361951316.dir\webapp\plugin\js\browse.js
2023-03-10 11:20:33,024 WARN  [org.apache.activemq.artemis.logs] AMQ202015: Failed to clean up file C:\Users\gchavezveloz\Documents\mybroker\tmp\jetty-localhost-8161-artemis-plugin.war-_artemis-plugin-any-7517451482361951316.dir\webapp\plugin\js\connections.js
2023-03-10 11:20:33,025 WARN  [org.apache.activemq.artemis.logs] AMQ202015: Failed to clean up file C:\Users\gchavezveloz\Documents\mybroker\tmp\jetty-localhost-8161-artemis-plugin.war-_artemis-plugin-any-7517451482361951316.dir\webapp\plugin\js\consumers.js
2023-03-10 11:20:33,026 WARN  [org.apache.activemq.artemis.logs] AMQ202015: Failed to clean up file C:\Users\gchavezveloz\Documents\mybroker\tmp\jetty-localhost-8161-artemis-plugin.war-_artemis-plugin-any-7517451482361951316.dir\webapp\plugin\js\jmsHeaderSchema.js
2023-03-10 11:20:33,026 WARN  [org.apache.activemq.artemis.logs] AMQ202015: Failed to clean up file C:\Users\gchavezveloz\Documents\mybroker\tmp\jetty-localhost-8161-artemis-plugin.war-_artemis-plugin-any-7517451482361951316.dir\webapp\plugin\js\preferences.js
2023-03-10 11:20:33,027 WARN  [org.apache.activemq.artemis.logs] AMQ202015: Failed to clean up file C:\Users\gchavezveloz\Documents\mybroker\tmp\jetty-localhost-8161-artemis-plugin.war-_artemis-plugin-any-7517451482361951316.dir\webapp\plugin\js\producers.js
2023-03-10 11:20:33,028 WARN  [org.apache.activemq.artemis.logs] AMQ202015: Failed to clean up file C:\Users\gchavezveloz\Documents\mybroker\tmp\jetty-localhost-8161-artemis-plugin.war-_artemis-plugin-any-7517451482361951316.dir\webapp\plugin\js\queue.js
2023-03-10 11:20:33,029 WARN  [org.apache.activemq.artemis.logs] AMQ202015: Failed to clean up file C:\Users\gchavezveloz\Documents\mybroker\tmp\jetty-localhost-8161-artemis-plugin.war-_artemis-plugin-any-7517451482361951316.dir\webapp\plugin\js\queues.js
2023-03-10 11:20:33,029 WARN  [org.apache.activemq.artemis.logs] AMQ202015: Failed to clean up file C:\Users\gchavezveloz\Documents\mybroker\tmp\jetty-localhost-8161-artemis-plugin.war-_artemis-plugin-any-7517451482361951316.dir\webapp\plugin\js\send.js
2023-03-10 11:20:33,036 WARN  [org.apache.activemq.artemis.logs] AMQ202015: Failed to clean up file C:\Users\gchavezveloz\Documents\mybroker\tmp\jetty-localhost-8161-artemis-plugin.war-_artemis-plugin-any-7517451482361951316.dir\webapp\plugin\js\sessions.js
2023-03-10 11:20:33,037 WARN  [org.apache.activemq.artemis.logs] AMQ202015: Failed to clean up file C:\Users\gchavezveloz\Documents\mybroker\tmp\jetty-localhost-8161-artemis-plugin.war-_artemis-plugin-any-7517451482361951316.dir\webapp\plugin\js\tree.js
2023-03-10 11:20:33,037 WARN  [org.apache.activemq.artemis.logs] AMQ202015: Failed to clean up file C:\Users\gchavezveloz\Documents\mybroker\tmp\jetty-localhost-8161-artemis-plugin.war-_artemis-plugin-any-7517451482361951316.dir\webapp\plugin\js
2023-03-10 11:20:33,039 WARN  [org.apache.activemq.artemis.logs] AMQ202015: Failed to clean up file C:\Users\gchavezveloz\Documents\mybroker\tmp\jetty-localhost-8161-artemis-plugin.war-_artemis-plugin-any-7517451482361951316.dir\webapp\plugin\lib\artemis-console.js
2023-03-10 11:20:33,039 WARN  [org.apache.activemq.artemis.logs] AMQ202015: Failed to clean up file C:\Users\gchavezveloz\Documents\mybroker\tmp\jetty-localhost-8161-artemis-plugin.war-_artemis-plugin-any-7517451482361951316.dir\webapp\plugin\lib
2023-03-10 11:20:33,040 WARN  [org.apache.activemq.artemis.logs] AMQ202015: Failed to clean up file C:\Users\gchavezveloz\Documents\mybroker\tmp\jetty-localhost-8161-artemis-plugin.war-_artemis-plugin-any-7517451482361951316.dir\webapp\plugin
2023-03-10 11:20:33,041 WARN  [org.apache.activemq.artemis.logs] AMQ202015: Failed to clean up file C:\Users\gchavezveloz\Documents\mybroker\tmp\jetty-localhost-8161-artemis-plugin.war-_artemis-plugin-any-7517451482361951316.dir\webapp\WEB-INF\lib\hawtio-plugin-mbean-1.5.5.jar
2023-03-10 11:20:33,042 WARN  [org.apache.activemq.artemis.logs] AMQ202015: Failed to clean up file C:\Users\gchavezveloz\Documents\mybroker\tmp\jetty-localhost-8161-artemis-plugin.war-_artemis-plugin-any-7517451482361951316.dir\webapp\WEB-INF\lib
2023-03-10 11:20:33,043 WARN  [org.apache.activemq.artemis.logs] AMQ202015: Failed to clean up file C:\Users\gchavezveloz\Documents\mybroker\tmp\jetty-localhost-8161-artemis-plugin.war-_artemis-plugin-any-7517451482361951316.dir\webapp\WEB-INF
2023-03-10 11:20:33,044 WARN  [org.apache.activemq.artemis.logs] AMQ202015: Failed to clean up file C:\Users\gchavezveloz\Documents\mybroker\tmp\jetty-localhost-8161-artemis-plugin.war-_artemis-plugin-any-7517451482361951316.dir\webapp
2023-03-10 11:20:33,045 WARN  [org.apache.activemq.artemis] AMQ244003: Temporary file not deleted on shutdown: C:\Users\gchavezveloz\Documents\mybroker\tmp\jetty-localhost-8161-artemis-plugin.war-_artemis-plugin-any-7517451482361951316.dir
2023-03-10 11:20:40,966 WARN  [org.apache.activemq.artemis.logs] AMQ202015: Failed to clean up file C:\Users\gchavezveloz\Documents\mybroker\tmp\jetty-localhost-8161-console.war-_console-any-2489362498125003641.dir\webapp\app\perspective\html\defaultPage.html
2023-03-10 11:20:40,967 WARN  [org.apache.activemq.artemis.logs] AMQ202015: Failed to clean up file C:\Users\gchavezveloz\Documents\mybroker\tmp\jetty-localhost-8161-console.war-_console-any-2489362498125003641.dir\webapp\app\perspective\html
2023-03-10 11:20:40,967 WARN  [org.apache.activemq.artemis.logs] AMQ202015: Failed to clean up file C:\Users\gchavezveloz\Documents\mybroker\tmp\jetty-localhost-8161-console.war-_console-any-2489362498125003641.dir\webapp\app\perspective
2023-03-10 11:20:40,968 WARN  [org.apache.activemq.artemis.logs] AMQ202015: Failed to clean up file C:\Users\gchavezveloz\Documents\mybroker\tmp\jetty-localhost-8161-console.war-_console-any-2489362498125003641.dir\webapp\app
2023-03-10 11:20:40,971 WARN  [org.apache.activemq.artemis.logs] AMQ202015: Failed to clean up file C:\Users\gchavezveloz\Documents\mybroker\tmp\jetty-localhost-8161-console.war-_console-any-2489362498125003641.dir\webapp\bower_components\bootstrap\docs\assets\css\bootstrap.css
2023-03-10 11:20:40,972 WARN  [org.apache.activemq.artemis.logs] AMQ202015: Failed to clean up file C:\Users\gchavezveloz\Documents\mybroker\tmp\jetty-localhost-8161-console.war-_console-any-2489362498125003641.dir\webapp\bower_components\bootstrap\docs\assets\css
2023-03-10 11:20:40,973 WARN  [org.apache.activemq.artemis.logs] AMQ202015: Failed to clean up file C:\Users\gchavezveloz\Documents\mybroker\tmp\jetty-localhost-8161-console.war-_console-any-2489362498125003641.dir\webapp\bower_components\bootstrap\docs\assets
2023-03-10 11:20:40,974 WARN  [org.apache.activemq.artemis.logs] AMQ202015: Failed to clean up file C:\Users\gchavezveloz\Documents\mybroker\tmp\jetty-localhost-8161-console.war-_console-any-2489362498125003641.dir\webapp\bower_components\bootstrap\docs
2023-03-10 11:20:40,974 WARN  [org.apache.activemq.artemis.logs] AMQ202015: Failed to clean up file C:\Users\gchavezveloz\Documents\mybroker\tmp\jetty-localhost-8161-console.war-_console-any-2489362498125003641.dir\webapp\bower_components\bootstrap
2023-03-10 11:20:40,975 WARN  [org.apache.activemq.artemis.logs] AMQ202015: Failed to clean up file C:\Users\gchavezveloz\Documents\mybroker\tmp\jetty-localhost-8161-console.war-_console-any-2489362498125003641.dir\webapp\bower_components
2023-03-10 11:20:40,976 WARN  [org.apache.activemq.artemis.logs] AMQ202015: Failed to clean up file C:\Users\gchavezveloz\Documents\mybroker\tmp\jetty-localhost-8161-console.war-_console-any-2489362498125003641.dir\webapp\favicon.ico
2023-03-10 11:20:40,977 WARN  [org.apache.activemq.artemis.logs] AMQ202015: Failed to clean up file C:\Users\gchavezveloz\Documents\mybroker\tmp\jetty-localhost-8161-console.war-_console-any-2489362498125003641.dir\webapp\index.html
2023-03-10 11:20:40,978 WARN  [org.apache.activemq.artemis.logs] AMQ202015: Failed to clean up file C:\Users\gchavezveloz\Documents\mybroker\tmp\jetty-localhost-8161-console.war-_console-any-2489362498125003641.dir\webapp\WEB-INF\lib\commons-codec-1.10.jar
2023-03-10 11:20:40,979 WARN  [org.apache.activemq.artemis.logs] AMQ202015: Failed to clean up file C:\Users\gchavezveloz\Documents\mybroker\tmp\jetty-localhost-8161-console.war-_console-any-2489362498125003641.dir\webapp\WEB-INF\lib\commons-fileupload-1.3.2.jar
2023-03-10 11:20:40,986 WARN  [org.apache.activemq.artemis.logs] AMQ202015: Failed to clean up file C:\Users\gchavezveloz\Documents\mybroker\tmp\jetty-localhost-8161-console.war-_console-any-2489362498125003641.dir\webapp\WEB-INF\lib\commons-io-2.2.jar
2023-03-10 11:20:40,986 WARN  [org.apache.activemq.artemis.logs] AMQ202015: Failed to clean up file C:\Users\gchavezveloz\Documents\mybroker\tmp\jetty-localhost-8161-console.war-_console-any-2489362498125003641.dir\webapp\WEB-INF\lib\commons-logging-1.0.3.jar
2023-03-10 11:20:40,987 WARN  [org.apache.activemq.artemis.logs] AMQ202015: Failed to clean up file C:\Users\gchavezveloz\Documents\mybroker\tmp\jetty-localhost-8161-console.war-_console-any-2489362498125003641.dir\webapp\WEB-INF\lib\guava-21.0.jar
2023-03-10 11:20:40,988 WARN  [org.apache.activemq.artemis.logs] AMQ202015: Failed to clean up file C:\Users\gchavezveloz\Documents\mybroker\tmp\jetty-localhost-8161-console.war-_console-any-2489362498125003641.dir\webapp\WEB-INF\lib\hawtio-core-1.5.5.jar
2023-03-10 11:20:40,989 WARN  [org.apache.activemq.artemis.logs] AMQ202015: Failed to clean up file C:\Users\gchavezveloz\Documents\mybroker\tmp\jetty-localhost-8161-console.war-_console-any-2489362498125003641.dir\webapp\WEB-INF\lib\hawtio-git-1.5.5.jar
2023-03-10 11:20:40,990 WARN  [org.apache.activemq.artemis.logs] AMQ202015: Failed to clean up file C:\Users\gchavezveloz\Documents\mybroker\tmp\jetty-localhost-8161-console.war-_console-any-2489362498125003641.dir\webapp\WEB-INF\lib\hawtio-system-1.5.5.jar
2023-03-10 11:20:40,991 WARN  [org.apache.activemq.artemis.logs] AMQ202015: Failed to clean up file C:\Users\gchavezveloz\Documents\mybroker\tmp\jetty-localhost-8161-console.war-_console-any-2489362498125003641.dir\webapp\WEB-INF\lib\hawtio-util-1.5.5.jar
2023-03-10 11:20:40,993 WARN  [org.apache.activemq.artemis.logs] AMQ202015: Failed to clean up file C:\Users\gchavezveloz\Documents\mybroker\tmp\jetty-localhost-8161-console.war-_console-any-2489362498125003641.dir\webapp\WEB-INF\lib\httpcore-4.4.4.jar
2023-03-10 11:20:40,994 WARN  [org.apache.activemq.artemis.logs] AMQ202015: Failed to clean up file C:\Users\gchavezveloz\Documents\mybroker\tmp\jetty-localhost-8161-console.war-_console-any-2489362498125003641.dir\webapp\WEB-INF\lib\jolokia-core-1.3.7.jar
2023-03-10 11:20:40,995 WARN  [org.apache.activemq.artemis.logs] AMQ202015: Failed to clean up file C:\Users\gchavezveloz\Documents\mybroker\tmp\jetty-localhost-8161-console.war-_console-any-2489362498125003641.dir\webapp\WEB-INF\lib\json-simple-1.1.1.jar
2023-03-10 11:20:41,000 WARN  [org.apache.activemq.artemis.logs] AMQ202015: Failed to clean up file C:\Users\gchavezveloz\Documents\mybroker\tmp\jetty-localhost-8161-console.war-_console-any-2489362498125003641.dir\webapp\WEB-INF\lib\org.osgi.core-4.3.0.jar
2023-03-10 11:20:41,002 WARN  [org.apache.activemq.artemis.logs] AMQ202015: Failed to clean up file C:\Users\gchavezveloz\Documents\mybroker\tmp\jetty-localhost-8161-console.war-_console-any-2489362498125003641.dir\webapp\WEB-INF\lib\org.osgi.enterprise-4.2.0.jar
2023-03-10 11:20:41,003 WARN  [org.apache.activemq.artemis.logs] AMQ202015: Failed to clean up file C:\Users\gchavezveloz\Documents\mybroker\tmp\jetty-localhost-8161-console.war-_console-any-2489362498125003641.dir\webapp\WEB-INF\lib
2023-03-10 11:20:41,004 WARN  [org.apache.activemq.artemis.logs] AMQ202015: Failed to clean up file C:\Users\gchavezveloz\Documents\mybroker\tmp\jetty-localhost-8161-console.war-_console-any-2489362498125003641.dir\webapp\WEB-INF
2023-03-10 11:20:41,004 WARN  [org.apache.activemq.artemis.logs] AMQ202015: Failed to clean up file C:\Users\gchavezveloz\Documents\mybroker\tmp\jetty-localhost-8161-console.war-_console-any-2489362498125003641.dir\webapp
2023-03-10 11:20:41,005 WARN  [org.apache.activemq.artemis] AMQ244003: Temporary file not deleted on shutdown: C:\Users\gchavezveloz\Documents\mybroker\tmp\jetty-localhost-8161-console.war-_console-any-2489362498125003641.dir
2023-03-10 11:20:41,009 INFO  [org.apache.activemq.artemis.core.server] AMQ221002: Apache ActiveMQ Artemis Message Broker version 2.6.2 [65f09ae9-bdc4-11ed-878f-b48c9db43341] stopped, uptime 1 hour 22 minutes
