[debug] [2023-07-28T16:22:46.869Z] ----------------------------------------------------------------------
[debug] [2023-07-28T16:22:46.872Z] Command:       C:\Program Files\nodejs\node.exe C:\Users\gchavezveloz\AppData\Roaming\npm\node_modules\firebase-tools\lib\bin\firebase.js init
[debug] [2023-07-28T16:22:46.873Z] CLI Version:   12.4.6
[debug] [2023-07-28T16:22:46.874Z] Platform:      win32
[debug] [2023-07-28T16:22:46.874Z] Node Version:  v18.16.0
[debug] [2023-07-28T16:22:46.877Z] Time:          Fri Jul 28 2023 10:22:46 GMT-0600 (Central Standard Time)
[debug] [2023-07-28T16:22:46.877Z] ----------------------------------------------------------------------
[debug] 
[debug] [2023-07-28T16:22:46.882Z] >>> [apiv2][query] GET https://firebase-public.firebaseio.com/cli.json [none]
[debug] [2023-07-28T16:22:46.957Z] > command requires scopes: ["email","openid","https://www.googleapis.com/auth/cloudplatformprojects.readonly","https://www.googleapis.com/auth/firebase","https://www.googleapis.com/auth/cloud-platform"]
[debug] [2023-07-28T16:22:46.957Z] > authorizing via signed-in user (gabrielachavezveloz@gmail.com)
[info] 
     ######## #### ########  ######## ########     ###     ######  ########
     ##        ##  ##     ## ##       ##     ##  ##   ##  ##       ##
     ######    ##  ########  ######   ########  #########  ######  ######
     ##        ##  ##    ##  ##       ##     ## ##     ##       ## ##
     ##       #### ##     ## ######## ########  ##     ##  ######  ########

You're about to initialize a Firebase project in this directory:

  C:\Users\gchavezveloz\Documents\course-projects\Angular - The Complete Guide (2023 Edition)\new-project

[debug] [2023-07-28T16:22:47.188Z] <<< [apiv2][status] GET https://firebase-public.firebaseio.com/cli.json 200
[debug] [2023-07-28T16:22:47.189Z] <<< [apiv2][body] GET https://firebase-public.firebaseio.com/cli.json {"cloudBuildErrorAfter":1594252800000,"cloudBuildWarnAfter":1590019200000,"defaultNode10After":1594252800000,"minVersion":"3.0.5","node8DeploysDisabledAfter":1613390400000,"node8RuntimeDisabledAfter":1615809600000,"node8WarnAfter":1600128000000}
