2023-03-29 08:25:51,675 INFO  [io.hawt.web.AuthenticationFilter] Destroying hawtio authentication filter
2023-03-29 08:25:51,699 INFO  [io.hawt.HawtioContextListener] Destroying hawtio services
2023-03-29 08:25:52,925 INFO  [org.apache.activemq.hawtio.plugin.PluginContextListener] Destroyed artemis-plugin plugin
2023-03-29 08:25:52,993 INFO  [org.apache.activemq.hawtio.branding.PluginContextListener] Destroyed activemq-branding plugin
2023-03-29 08:26:00,828 WARN  [org.apache.activemq.artemis.logs] AMQ202015: Failed to clean up file C:\Users\gchavezveloz\Documents\mybroker\tmp\jetty-localhost-8161-activemq-branding.war-_activemq-branding-any-7913541499204615922.dir\webapp\plugin\js\plugin.js
2023-03-29 08:26:00,829 WARN  [org.apache.activemq.artemis.logs] AMQ202015: Failed to clean up file C:\Users\gchavezveloz\Documents\mybroker\tmp\jetty-localhost-8161-activemq-branding.war-_activemq-branding-any-7913541499204615922.dir\webapp\plugin\js
2023-03-29 08:26:00,830 WARN  [org.apache.activemq.artemis.logs] AMQ202015: Failed to clean up file C:\Users\gchavezveloz\Documents\mybroker\tmp\jetty-localhost-8161-activemq-branding.war-_activemq-branding-any-7913541499204615922.dir\webapp\plugin
2023-03-29 08:26:00,833 WARN  [org.apache.activemq.artemis.logs] AMQ202015: Failed to clean up file C:\Users\gchavezveloz\Documents\mybroker\tmp\jetty-localhost-8161-activemq-branding.war-_activemq-branding-any-7913541499204615922.dir\webapp\WEB-INF\lib\hawtio-plugin-mbean-1.5.5.jar
2023-03-29 08:26:00,834 WARN  [org.apache.activemq.artemis.logs] AMQ202015: Failed to clean up file C:\Users\gchavezveloz\Documents\mybroker\tmp\jetty-localhost-8161-activemq-branding.war-_activemq-branding-any-7913541499204615922.dir\webapp\WEB-INF\lib\log4j-1.2.16.jar
2023-03-29 08:26:00,835 WARN  [org.apache.activemq.artemis.logs] AMQ202015: Failed to clean up file C:\Users\gchavezveloz\Documents\mybroker\tmp\jetty-localhost-8161-activemq-branding.war-_activemq-branding-any-7913541499204615922.dir\webapp\WEB-INF\lib
2023-03-29 08:26:00,835 WARN  [org.apache.activemq.artemis.logs] AMQ202015: Failed to clean up file C:\Users\gchavezveloz\Documents\mybroker\tmp\jetty-localhost-8161-activemq-branding.war-_activemq-branding-any-7913541499204615922.dir\webapp\WEB-INF
2023-03-29 08:26:00,836 WARN  [org.apache.activemq.artemis.logs] AMQ202015: Failed to clean up file C:\Users\gchavezveloz\Documents\mybroker\tmp\jetty-localhost-8161-activemq-branding.war-_activemq-branding-any-7913541499204615922.dir\webapp
2023-03-29 08:26:00,837 WARN  [org.apache.activemq.artemis] AMQ244003: Temporary file not deleted on shutdown: C:\Users\gchavezveloz\Documents\mybroker\tmp\jetty-localhost-8161-activemq-branding.war-_activemq-branding-any-7913541499204615922.dir
2023-03-29 08:26:08,611 WARN  [org.apache.activemq.artemis.logs] AMQ202015: Failed to clean up file C:\Users\gchavezveloz\Documents\mybroker\tmp\jetty-localhost-8161-artemis-plugin.war-_artemis-plugin-any-6532358062324866525.dir\webapp\plugin\html\createAddress.html
2023-03-29 08:26:08,612 WARN  [org.apache.activemq.artemis.logs] AMQ202015: Failed to clean up file C:\Users\gchavezveloz\Documents\mybroker\tmp\jetty-localhost-8161-artemis-plugin.war-_artemis-plugin-any-6532358062324866525.dir\webapp\plugin\html
2023-03-29 08:26:08,622 WARN  [org.apache.activemq.artemis.logs] AMQ202015: Failed to clean up file C:\Users\gchavezveloz\Documents\mybroker\tmp\jetty-localhost-8161-artemis-plugin.war-_artemis-plugin-any-6532358062324866525.dir\webapp\plugin\js\address.js
2023-03-29 08:26:08,624 WARN  [org.apache.activemq.artemis.logs] AMQ202015: Failed to clean up file C:\Users\gchavezveloz\Documents\mybroker\tmp\jetty-localhost-8161-artemis-plugin.war-_artemis-plugin-any-6532358062324866525.dir\webapp\plugin\js\addresses.js
2023-03-29 08:26:08,628 WARN  [org.apache.activemq.artemis.logs] AMQ202015: Failed to clean up file C:\Users\gchavezveloz\Documents\mybroker\tmp\jetty-localhost-8161-artemis-plugin.war-_artemis-plugin-any-6532358062324866525.dir\webapp\plugin\js\artemisHelpers.js
2023-03-29 08:26:08,630 WARN  [org.apache.activemq.artemis.logs] AMQ202015: Failed to clean up file C:\Users\gchavezveloz\Documents\mybroker\tmp\jetty-localhost-8161-artemis-plugin.war-_artemis-plugin-any-6532358062324866525.dir\webapp\plugin\js\artemisPlugin.js
2023-03-29 08:26:08,631 WARN  [org.apache.activemq.artemis.logs] AMQ202015: Failed to clean up file C:\Users\gchavezveloz\Documents\mybroker\tmp\jetty-localhost-8161-artemis-plugin.war-_artemis-plugin-any-6532358062324866525.dir\webapp\plugin\js\artemisService.js
2023-03-29 08:26:08,631 WARN  [org.apache.activemq.artemis.logs] AMQ202015: Failed to clean up file C:\Users\gchavezveloz\Documents\mybroker\tmp\jetty-localhost-8161-artemis-plugin.war-_artemis-plugin-any-6532358062324866525.dir\webapp\plugin\js\brokerDiagram.js
2023-03-29 08:26:08,633 WARN  [org.apache.activemq.artemis.logs] AMQ202015: Failed to clean up file C:\Users\gchavezveloz\Documents\mybroker\tmp\jetty-localhost-8161-artemis-plugin.war-_artemis-plugin-any-6532358062324866525.dir\webapp\plugin\js\browse.js
2023-03-29 08:26:08,634 WARN  [org.apache.activemq.artemis.logs] AMQ202015: Failed to clean up file C:\Users\gchavezveloz\Documents\mybroker\tmp\jetty-localhost-8161-artemis-plugin.war-_artemis-plugin-any-6532358062324866525.dir\webapp\plugin\js\connections.js
2023-03-29 08:26:08,635 WARN  [org.apache.activemq.artemis.logs] AMQ202015: Failed to clean up file C:\Users\gchavezveloz\Documents\mybroker\tmp\jetty-localhost-8161-artemis-plugin.war-_artemis-plugin-any-6532358062324866525.dir\webapp\plugin\js\consumers.js
2023-03-29 08:26:08,636 WARN  [org.apache.activemq.artemis.logs] AMQ202015: Failed to clean up file C:\Users\gchavezveloz\Documents\mybroker\tmp\jetty-localhost-8161-artemis-plugin.war-_artemis-plugin-any-6532358062324866525.dir\webapp\plugin\js\jmsHeaderSchema.js
2023-03-29 08:26:08,636 WARN  [org.apache.activemq.artemis.logs] AMQ202015: Failed to clean up file C:\Users\gchavezveloz\Documents\mybroker\tmp\jetty-localhost-8161-artemis-plugin.war-_artemis-plugin-any-6532358062324866525.dir\webapp\plugin\js\preferences.js
2023-03-29 08:26:08,638 WARN  [org.apache.activemq.artemis.logs] AMQ202015: Failed to clean up file C:\Users\gchavezveloz\Documents\mybroker\tmp\jetty-localhost-8161-artemis-plugin.war-_artemis-plugin-any-6532358062324866525.dir\webapp\plugin\js\producers.js
2023-03-29 08:26:08,639 WARN  [org.apache.activemq.artemis.logs] AMQ202015: Failed to clean up file C:\Users\gchavezveloz\Documents\mybroker\tmp\jetty-localhost-8161-artemis-plugin.war-_artemis-plugin-any-6532358062324866525.dir\webapp\plugin\js\queue.js
2023-03-29 08:26:08,645 WARN  [org.apache.activemq.artemis.logs] AMQ202015: Failed to clean up file C:\Users\gchavezveloz\Documents\mybroker\tmp\jetty-localhost-8161-artemis-plugin.war-_artemis-plugin-any-6532358062324866525.dir\webapp\plugin\js\queues.js
2023-03-29 08:26:08,646 WARN  [org.apache.activemq.artemis.logs] AMQ202015: Failed to clean up file C:\Users\gchavezveloz\Documents\mybroker\tmp\jetty-localhost-8161-artemis-plugin.war-_artemis-plugin-any-6532358062324866525.dir\webapp\plugin\js\send.js
2023-03-29 08:26:08,647 WARN  [org.apache.activemq.artemis.logs] AMQ202015: Failed to clean up file C:\Users\gchavezveloz\Documents\mybroker\tmp\jetty-localhost-8161-artemis-plugin.war-_artemis-plugin-any-6532358062324866525.dir\webapp\plugin\js\sessions.js
2023-03-29 08:26:08,648 WARN  [org.apache.activemq.artemis.logs] AMQ202015: Failed to clean up file C:\Users\gchavezveloz\Documents\mybroker\tmp\jetty-localhost-8161-artemis-plugin.war-_artemis-plugin-any-6532358062324866525.dir\webapp\plugin\js\tree.js
2023-03-29 08:26:08,649 WARN  [org.apache.activemq.artemis.logs] AMQ202015: Failed to clean up file C:\Users\gchavezveloz\Documents\mybroker\tmp\jetty-localhost-8161-artemis-plugin.war-_artemis-plugin-any-6532358062324866525.dir\webapp\plugin\js
2023-03-29 08:26:08,650 WARN  [org.apache.activemq.artemis.logs] AMQ202015: Failed to clean up file C:\Users\gchavezveloz\Documents\mybroker\tmp\jetty-localhost-8161-artemis-plugin.war-_artemis-plugin-any-6532358062324866525.dir\webapp\plugin\lib\artemis-console.js
2023-03-29 08:26:08,654 WARN  [org.apache.activemq.artemis.logs] AMQ202015: Failed to clean up file C:\Users\gchavezveloz\Documents\mybroker\tmp\jetty-localhost-8161-artemis-plugin.war-_artemis-plugin-any-6532358062324866525.dir\webapp\plugin\lib
2023-03-29 08:26:08,658 WARN  [org.apache.activemq.artemis.logs] AMQ202015: Failed to clean up file C:\Users\gchavezveloz\Documents\mybroker\tmp\jetty-localhost-8161-artemis-plugin.war-_artemis-plugin-any-6532358062324866525.dir\webapp\plugin
2023-03-29 08:26:08,661 WARN  [org.apache.activemq.artemis.logs] AMQ202015: Failed to clean up file C:\Users\gchavezveloz\Documents\mybroker\tmp\jetty-localhost-8161-artemis-plugin.war-_artemis-plugin-any-6532358062324866525.dir\webapp\WEB-INF\lib\hawtio-plugin-mbean-1.5.5.jar
2023-03-29 08:26:08,662 WARN  [org.apache.activemq.artemis.logs] AMQ202015: Failed to clean up file C:\Users\gchavezveloz\Documents\mybroker\tmp\jetty-localhost-8161-artemis-plugin.war-_artemis-plugin-any-6532358062324866525.dir\webapp\WEB-INF\lib
2023-03-29 08:26:08,662 WARN  [org.apache.activemq.artemis.logs] AMQ202015: Failed to clean up file C:\Users\gchavezveloz\Documents\mybroker\tmp\jetty-localhost-8161-artemis-plugin.war-_artemis-plugin-any-6532358062324866525.dir\webapp\WEB-INF
2023-03-29 08:26:08,663 WARN  [org.apache.activemq.artemis.logs] AMQ202015: Failed to clean up file C:\Users\gchavezveloz\Documents\mybroker\tmp\jetty-localhost-8161-artemis-plugin.war-_artemis-plugin-any-6532358062324866525.dir\webapp
2023-03-29 08:26:08,664 WARN  [org.apache.activemq.artemis] AMQ244003: Temporary file not deleted on shutdown: C:\Users\gchavezveloz\Documents\mybroker\tmp\jetty-localhost-8161-artemis-plugin.war-_artemis-plugin-any-6532358062324866525.dir
2023-03-29 08:26:16,477 WARN  [org.apache.activemq.artemis.logs] AMQ202015: Failed to clean up file C:\Users\gchavezveloz\Documents\mybroker\tmp\jetty-localhost-8161-console.war-_console-any-7131436625629093521.dir\webapp\index.html
2023-03-29 08:26:16,479 WARN  [org.apache.activemq.artemis.logs] AMQ202015: Failed to clean up file C:\Users\gchavezveloz\Documents\mybroker\tmp\jetty-localhost-8161-console.war-_console-any-7131436625629093521.dir\webapp\WEB-INF\lib\commons-codec-1.10.jar
2023-03-29 08:26:16,481 WARN  [org.apache.activemq.artemis.logs] AMQ202015: Failed to clean up file C:\Users\gchavezveloz\Documents\mybroker\tmp\jetty-localhost-8161-console.war-_console-any-7131436625629093521.dir\webapp\WEB-INF\lib\commons-fileupload-1.3.2.jar
2023-03-29 08:26:16,482 WARN  [org.apache.activemq.artemis.logs] AMQ202015: Failed to clean up file C:\Users\gchavezveloz\Documents\mybroker\tmp\jetty-localhost-8161-console.war-_console-any-7131436625629093521.dir\webapp\WEB-INF\lib\commons-io-2.2.jar
2023-03-29 08:26:16,483 WARN  [org.apache.activemq.artemis.logs] AMQ202015: Failed to clean up file C:\Users\gchavezveloz\Documents\mybroker\tmp\jetty-localhost-8161-console.war-_console-any-7131436625629093521.dir\webapp\WEB-INF\lib\commons-logging-1.0.3.jar
2023-03-29 08:26:16,484 WARN  [org.apache.activemq.artemis.logs] AMQ202015: Failed to clean up file C:\Users\gchavezveloz\Documents\mybroker\tmp\jetty-localhost-8161-console.war-_console-any-7131436625629093521.dir\webapp\WEB-INF\lib\guava-21.0.jar
2023-03-29 08:26:16,485 WARN  [org.apache.activemq.artemis.logs] AMQ202015: Failed to clean up file C:\Users\gchavezveloz\Documents\mybroker\tmp\jetty-localhost-8161-console.war-_console-any-7131436625629093521.dir\webapp\WEB-INF\lib\hawtio-core-1.5.5.jar
2023-03-29 08:26:16,486 WARN  [org.apache.activemq.artemis.logs] AMQ202015: Failed to clean up file C:\Users\gchavezveloz\Documents\mybroker\tmp\jetty-localhost-8161-console.war-_console-any-7131436625629093521.dir\webapp\WEB-INF\lib\hawtio-git-1.5.5.jar
2023-03-29 08:26:16,486 WARN  [org.apache.activemq.artemis.logs] AMQ202015: Failed to clean up file C:\Users\gchavezveloz\Documents\mybroker\tmp\jetty-localhost-8161-console.war-_console-any-7131436625629093521.dir\webapp\WEB-INF\lib\hawtio-system-1.5.5.jar
2023-03-29 08:26:16,487 WARN  [org.apache.activemq.artemis.logs] AMQ202015: Failed to clean up file C:\Users\gchavezveloz\Documents\mybroker\tmp\jetty-localhost-8161-console.war-_console-any-7131436625629093521.dir\webapp\WEB-INF\lib\hawtio-util-1.5.5.jar
2023-03-29 08:26:16,489 WARN  [org.apache.activemq.artemis.logs] AMQ202015: Failed to clean up file C:\Users\gchavezveloz\Documents\mybroker\tmp\jetty-localhost-8161-console.war-_console-any-7131436625629093521.dir\webapp\WEB-INF\lib\httpcore-4.4.4.jar
2023-03-29 08:26:16,490 WARN  [org.apache.activemq.artemis.logs] AMQ202015: Failed to clean up file C:\Users\gchavezveloz\Documents\mybroker\tmp\jetty-localhost-8161-console.war-_console-any-7131436625629093521.dir\webapp\WEB-INF\lib\jolokia-core-1.3.7.jar
2023-03-29 08:26:16,492 WARN  [org.apache.activemq.artemis.logs] AMQ202015: Failed to clean up file C:\Users\gchavezveloz\Documents\mybroker\tmp\jetty-localhost-8161-console.war-_console-any-7131436625629093521.dir\webapp\WEB-INF\lib\json-simple-1.1.1.jar
2023-03-29 08:26:16,497 WARN  [org.apache.activemq.artemis.logs] AMQ202015: Failed to clean up file C:\Users\gchavezveloz\Documents\mybroker\tmp\jetty-localhost-8161-console.war-_console-any-7131436625629093521.dir\webapp\WEB-INF\lib\org.osgi.core-4.3.0.jar
2023-03-29 08:26:16,498 WARN  [org.apache.activemq.artemis.logs] AMQ202015: Failed to clean up file C:\Users\gchavezveloz\Documents\mybroker\tmp\jetty-localhost-8161-console.war-_console-any-7131436625629093521.dir\webapp\WEB-INF\lib\org.osgi.enterprise-4.2.0.jar
2023-03-29 08:26:16,499 WARN  [org.apache.activemq.artemis.logs] AMQ202015: Failed to clean up file C:\Users\gchavezveloz\Documents\mybroker\tmp\jetty-localhost-8161-console.war-_console-any-7131436625629093521.dir\webapp\WEB-INF\lib
2023-03-29 08:26:16,499 WARN  [org.apache.activemq.artemis.logs] AMQ202015: Failed to clean up file C:\Users\gchavezveloz\Documents\mybroker\tmp\jetty-localhost-8161-console.war-_console-any-7131436625629093521.dir\webapp\WEB-INF
2023-03-29 08:26:16,500 WARN  [org.apache.activemq.artemis.logs] AMQ202015: Failed to clean up file C:\Users\gchavezveloz\Documents\mybroker\tmp\jetty-localhost-8161-console.war-_console-any-7131436625629093521.dir\webapp
2023-03-29 08:26:16,501 WARN  [org.apache.activemq.artemis] AMQ244003: Temporary file not deleted on shutdown: C:\Users\gchavezveloz\Documents\mybroker\tmp\jetty-localhost-8161-console.war-_console-any-7131436625629093521.dir
2023-03-29 08:26:16,505 INFO  [org.apache.activemq.artemis.core.server] AMQ221002: Apache ActiveMQ Artemis Message Broker version 2.6.2 [65f09ae9-bdc4-11ed-878f-b48c9db43341] stopped, uptime 14 hours 40 minutes
2023-03-29 17:15:46,170 INFO  [org.apache.activemq.artemis.integration.bootstrap] AMQ101000: Starting ActiveMQ Artemis Server
2023-03-29 17:15:46,339 INFO  [org.apache.activemq.artemis.core.server] AMQ221000: live Message Broker is starting with configuration Broker Configuration (clustered=false,journalDirectory=data/journal,bindingsDirectory=data/bindings,largeMessagesDirectory=data/large-messages,pagingDirectory=data/paging)
2023-03-29 17:15:46,413 INFO  [org.apache.activemq.artemis.core.server] AMQ221013: Using NIO Journal
2023-03-29 17:15:46,536 INFO  [org.apache.activemq.artemis.core.server] AMQ221057: Global Max Size is being adjusted to 1/2 of the JVM max size (-Xmx). being defined as 536,870,912
2023-03-29 17:15:46,607 INFO  [org.apache.activemq.artemis.core.server] AMQ221043: Protocol module found: [artemis-server]. Adding protocol support for: CORE
2023-03-29 17:15:46,609 INFO  [org.apache.activemq.artemis.core.server] AMQ221043: Protocol module found: [artemis-amqp-protocol]. Adding protocol support for: AMQP
2023-03-29 17:15:46,618 INFO  [org.apache.activemq.artemis.core.server] AMQ221043: Protocol module found: [artemis-hornetq-protocol]. Adding protocol support for: HORNETQ
2023-03-29 17:15:46,620 INFO  [org.apache.activemq.artemis.core.server] AMQ221043: Protocol module found: [artemis-mqtt-protocol]. Adding protocol support for: MQTT
2023-03-29 17:15:46,621 INFO  [org.apache.activemq.artemis.core.server] AMQ221043: Protocol module found: [artemis-openwire-protocol]. Adding protocol support for: OPENWIRE
2023-03-29 17:15:46,622 INFO  [org.apache.activemq.artemis.core.server] AMQ221043: Protocol module found: [artemis-stomp-protocol]. Adding protocol support for: STOMP
2023-03-29 17:15:46,734 INFO  [org.apache.activemq.artemis.core.server] AMQ221034: Waiting indefinitely to obtain live lock
2023-03-29 17:15:46,735 INFO  [org.apache.activemq.artemis.core.server] AMQ221035: Live Server Obtained live lock
2023-03-29 17:15:48,818 INFO  [org.apache.activemq.artemis.core.server] AMQ221003: Deploying queue DLQ on address DLQ
2023-03-29 17:15:48,820 INFO  [org.apache.activemq.artemis.core.server] AMQ221003: Deploying queue ExpiryQueue on address ExpiryQueue
2023-03-29 17:15:51,325 INFO  [org.apache.activemq.artemis.core.server] AMQ221020: Started NIO Acceptor at 0.0.0.0:61616 for protocols [CORE,MQTT,AMQP,STOMP,HORNETQ,OPENWIRE]
2023-03-29 17:15:51,682 INFO  [org.apache.activemq.artemis.core.server] AMQ221020: Started NIO Acceptor at 0.0.0.0:5445 for protocols [HORNETQ,STOMP]
2023-03-29 17:15:52,205 INFO  [org.apache.activemq.artemis.core.server] AMQ221020: Started NIO Acceptor at 0.0.0.0:5672 for protocols [AMQP]
2023-03-29 17:15:52,646 INFO  [org.apache.activemq.artemis.core.server] AMQ221020: Started NIO Acceptor at 0.0.0.0:1883 for protocols [MQTT]
2023-03-29 17:15:53,141 INFO  [org.apache.activemq.artemis.core.server] AMQ221020: Started NIO Acceptor at 0.0.0.0:61613 for protocols [STOMP]
2023-03-29 17:15:53,144 INFO  [org.apache.activemq.artemis.core.server] AMQ221007: Server is now live
2023-03-29 17:15:53,154 INFO  [org.apache.activemq.artemis.core.server] AMQ221001: Apache ActiveMQ Artemis Message Broker version 2.6.2 [0.0.0.0, nodeID=65f09ae9-bdc4-11ed-878f-b48c9db43341] 
2023-03-29 17:15:54,115 INFO  [org.apache.activemq.hawtio.branding.PluginContextListener] Initialized activemq-branding plugin
2023-03-29 17:15:54,785 INFO  [org.apache.activemq.hawtio.plugin.PluginContextListener] Initialized artemis-plugin plugin
2023-03-29 17:15:59,637 INFO  [io.hawt.HawtioContextListener] Initialising hawtio services
2023-03-29 17:15:59,711 INFO  [io.hawt.system.ConfigManager] Configuration will be discovered via system properties
2023-03-29 17:15:59,723 INFO  [io.hawt.jmx.JmxTreeWatcher] Welcome to hawtio 1.5.5 : http://hawt.io/ : Don't cha wish your console was hawt like me? ;-)
2023-03-29 17:15:59,740 INFO  [io.hawt.jmx.UploadManager] Using file upload directory: C:\Users\gchavezveloz\Documents\mybroker\tmp\uploads
2023-03-29 17:15:59,856 INFO  [io.hawt.web.AuthenticationFilter] Starting hawtio authentication filter, JAAS realm: "activemq" authorized role(s): "amq" role principal classes: "org.apache.activemq.artemis.spi.core.security.jaas.RolePrincipal"
2023-03-29 17:16:00,086 INFO  [io.hawt.web.JolokiaConfiguredAgentServlet] Jolokia overridden property: [key=policyLocation, value=file:/C:/Users/gchavezveloz/Documents/mybroker/etc/\jolokia-access.xml]
2023-03-29 17:16:00,894 INFO  [io.hawt.web.RBACMBeanInvoker] Using MBean [hawtio:type=security,area=jmx,rank=0,name=HawtioDummyJMXSecurity] for role based access control
2023-03-29 17:16:03,375 INFO  [io.hawt.system.ProxyWhitelist] Initial proxy whitelist: [localhost, 127.0.0.1, 172.19.224.1, USQROGCHAVEZVE1.mshome.net, kubernetes.docker.internal, 10.29.104.128, USQROGCHAVEZVE1.us.deloitte.com, 192.168.100.102, host.docker.internal]
2023-03-29 17:16:05,731 INFO  [org.apache.activemq.artemis] AMQ241001: HTTP Server started at http://localhost:8161
2023-03-29 17:16:05,731 INFO  [org.apache.activemq.artemis] AMQ241002: Artemis Jolokia REST API available at http://localhost:8161/console/jolokia
2023-03-29 17:16:05,733 INFO  [org.apache.activemq.artemis] AMQ241004: Artemis Console available at http://localhost:8161/console
2023-03-29 17:22:01,553 INFO  [io.hawt.web.LoginServlet] hawtio login is using 1800 sec. HttpSession timeout
2023-03-29 17:28:43,894 INFO  [io.hawt.web.AuthenticationFilter] Destroying hawtio authentication filter
2023-03-29 17:28:43,900 INFO  [io.hawt.HawtioContextListener] Destroying hawtio services
2023-03-29 17:28:45,736 INFO  [org.apache.activemq.hawtio.plugin.PluginContextListener] Destroyed artemis-plugin plugin
2023-03-29 17:28:45,836 INFO  [org.apache.activemq.hawtio.branding.PluginContextListener] Destroyed activemq-branding plugin
2023-03-29 17:28:53,754 WARN  [org.apache.activemq.artemis.logs] AMQ202015: Failed to clean up file C:\Users\gchavezveloz\Documents\mybroker\tmp\jetty-localhost-8161-activemq-branding.war-_activemq-branding-any-8329240823641570214.dir\webapp\WEB-INF\lib\hawtio-plugin-mbean-1.5.5.jar
2023-03-29 17:28:53,756 WARN  [org.apache.activemq.artemis.logs] AMQ202015: Failed to clean up file C:\Users\gchavezveloz\Documents\mybroker\tmp\jetty-localhost-8161-activemq-branding.war-_activemq-branding-any-8329240823641570214.dir\webapp\WEB-INF\lib\log4j-1.2.16.jar
2023-03-29 17:28:53,763 WARN  [org.apache.activemq.artemis.logs] AMQ202015: Failed to clean up file C:\Users\gchavezveloz\Documents\mybroker\tmp\jetty-localhost-8161-activemq-branding.war-_activemq-branding-any-8329240823641570214.dir\webapp\WEB-INF\lib
2023-03-29 17:28:53,764 WARN  [org.apache.activemq.artemis.logs] AMQ202015: Failed to clean up file C:\Users\gchavezveloz\Documents\mybroker\tmp\jetty-localhost-8161-activemq-branding.war-_activemq-branding-any-8329240823641570214.dir\webapp\WEB-INF
2023-03-29 17:28:53,765 WARN  [org.apache.activemq.artemis.logs] AMQ202015: Failed to clean up file C:\Users\gchavezveloz\Documents\mybroker\tmp\jetty-localhost-8161-activemq-branding.war-_activemq-branding-any-8329240823641570214.dir\webapp
2023-03-29 17:28:53,770 WARN  [org.apache.activemq.artemis] AMQ244003: Temporary file not deleted on shutdown: C:\Users\gchavezveloz\Documents\mybroker\tmp\jetty-localhost-8161-activemq-branding.war-_activemq-branding-any-8329240823641570214.dir
2023-03-29 17:29:01,589 WARN  [org.apache.activemq.artemis.logs] AMQ202015: Failed to clean up file C:\Users\gchavezveloz\Documents\mybroker\tmp\jetty-localhost-8161-artemis-plugin.war-_artemis-plugin-any-1748106791807242236.dir\webapp\WEB-INF\lib\hawtio-plugin-mbean-1.5.5.jar
2023-03-29 17:29:01,591 WARN  [org.apache.activemq.artemis.logs] AMQ202015: Failed to clean up file C:\Users\gchavezveloz\Documents\mybroker\tmp\jetty-localhost-8161-artemis-plugin.war-_artemis-plugin-any-1748106791807242236.dir\webapp\WEB-INF\lib
2023-03-29 17:29:01,597 WARN  [org.apache.activemq.artemis.logs] AMQ202015: Failed to clean up file C:\Users\gchavezveloz\Documents\mybroker\tmp\jetty-localhost-8161-artemis-plugin.war-_artemis-plugin-any-1748106791807242236.dir\webapp\WEB-INF
2023-03-29 17:29:01,598 WARN  [org.apache.activemq.artemis.logs] AMQ202015: Failed to clean up file C:\Users\gchavezveloz\Documents\mybroker\tmp\jetty-localhost-8161-artemis-plugin.war-_artemis-plugin-any-1748106791807242236.dir\webapp
2023-03-29 17:29:01,601 WARN  [org.apache.activemq.artemis] AMQ244003: Temporary file not deleted on shutdown: C:\Users\gchavezveloz\Documents\mybroker\tmp\jetty-localhost-8161-artemis-plugin.war-_artemis-plugin-any-1748106791807242236.dir
2023-03-29 17:29:09,389 WARN  [org.apache.activemq.artemis.logs] AMQ202015: Failed to clean up file C:\Users\gchavezveloz\Documents\mybroker\tmp\jetty-localhost-8161-console.war-_console-any-6484212694891853231.dir\webapp\WEB-INF\lib\commons-codec-1.10.jar
2023-03-29 17:29:09,396 WARN  [org.apache.activemq.artemis.logs] AMQ202015: Failed to clean up file C:\Users\gchavezveloz\Documents\mybroker\tmp\jetty-localhost-8161-console.war-_console-any-6484212694891853231.dir\webapp\WEB-INF\lib\commons-fileupload-1.3.2.jar
2023-03-29 17:29:09,401 WARN  [org.apache.activemq.artemis.logs] AMQ202015: Failed to clean up file C:\Users\gchavezveloz\Documents\mybroker\tmp\jetty-localhost-8161-console.war-_console-any-6484212694891853231.dir\webapp\WEB-INF\lib\commons-io-2.2.jar
2023-03-29 17:29:09,403 WARN  [org.apache.activemq.artemis.logs] AMQ202015: Failed to clean up file C:\Users\gchavezveloz\Documents\mybroker\tmp\jetty-localhost-8161-console.war-_console-any-6484212694891853231.dir\webapp\WEB-INF\lib\commons-logging-1.0.3.jar
2023-03-29 17:29:09,405 WARN  [org.apache.activemq.artemis.logs] AMQ202015: Failed to clean up file C:\Users\gchavezveloz\Documents\mybroker\tmp\jetty-localhost-8161-console.war-_console-any-6484212694891853231.dir\webapp\WEB-INF\lib\guava-21.0.jar
2023-03-29 17:29:09,408 WARN  [org.apache.activemq.artemis.logs] AMQ202015: Failed to clean up file C:\Users\gchavezveloz\Documents\mybroker\tmp\jetty-localhost-8161-console.war-_console-any-6484212694891853231.dir\webapp\WEB-INF\lib\hawtio-core-1.5.5.jar
2023-03-29 17:29:09,409 WARN  [org.apache.activemq.artemis.logs] AMQ202015: Failed to clean up file C:\Users\gchavezveloz\Documents\mybroker\tmp\jetty-localhost-8161-console.war-_console-any-6484212694891853231.dir\webapp\WEB-INF\lib\hawtio-git-1.5.5.jar
2023-03-29 17:29:09,412 WARN  [org.apache.activemq.artemis.logs] AMQ202015: Failed to clean up file C:\Users\gchavezveloz\Documents\mybroker\tmp\jetty-localhost-8161-console.war-_console-any-6484212694891853231.dir\webapp\WEB-INF\lib\hawtio-system-1.5.5.jar
2023-03-29 17:29:09,414 WARN  [org.apache.activemq.artemis.logs] AMQ202015: Failed to clean up file C:\Users\gchavezveloz\Documents\mybroker\tmp\jetty-localhost-8161-console.war-_console-any-6484212694891853231.dir\webapp\WEB-INF\lib\hawtio-util-1.5.5.jar
2023-03-29 17:29:09,417 WARN  [org.apache.activemq.artemis.logs] AMQ202015: Failed to clean up file C:\Users\gchavezveloz\Documents\mybroker\tmp\jetty-localhost-8161-console.war-_console-any-6484212694891853231.dir\webapp\WEB-INF\lib\httpcore-4.4.4.jar
2023-03-29 17:29:09,431 WARN  [org.apache.activemq.artemis.logs] AMQ202015: Failed to clean up file C:\Users\gchavezveloz\Documents\mybroker\tmp\jetty-localhost-8161-console.war-_console-any-6484212694891853231.dir\webapp\WEB-INF\lib\jolokia-core-1.3.7.jar
2023-03-29 17:29:09,433 WARN  [org.apache.activemq.artemis.logs] AMQ202015: Failed to clean up file C:\Users\gchavezveloz\Documents\mybroker\tmp\jetty-localhost-8161-console.war-_console-any-6484212694891853231.dir\webapp\WEB-INF\lib\json-simple-1.1.1.jar
2023-03-29 17:29:09,437 WARN  [org.apache.activemq.artemis.logs] AMQ202015: Failed to clean up file C:\Users\gchavezveloz\Documents\mybroker\tmp\jetty-localhost-8161-console.war-_console-any-6484212694891853231.dir\webapp\WEB-INF\lib\org.osgi.core-4.3.0.jar
2023-03-29 17:29:09,439 WARN  [org.apache.activemq.artemis.logs] AMQ202015: Failed to clean up file C:\Users\gchavezveloz\Documents\mybroker\tmp\jetty-localhost-8161-console.war-_console-any-6484212694891853231.dir\webapp\WEB-INF\lib\org.osgi.enterprise-4.2.0.jar
2023-03-29 17:29:09,441 WARN  [org.apache.activemq.artemis.logs] AMQ202015: Failed to clean up file C:\Users\gchavezveloz\Documents\mybroker\tmp\jetty-localhost-8161-console.war-_console-any-6484212694891853231.dir\webapp\WEB-INF\lib
2023-03-29 17:29:09,442 WARN  [org.apache.activemq.artemis.logs] AMQ202015: Failed to clean up file C:\Users\gchavezveloz\Documents\mybroker\tmp\jetty-localhost-8161-console.war-_console-any-6484212694891853231.dir\webapp\WEB-INF
2023-03-29 17:29:09,444 WARN  [org.apache.activemq.artemis.logs] AMQ202015: Failed to clean up file C:\Users\gchavezveloz\Documents\mybroker\tmp\jetty-localhost-8161-console.war-_console-any-6484212694891853231.dir\webapp
2023-03-29 17:29:09,446 WARN  [org.apache.activemq.artemis] AMQ244003: Temporary file not deleted on shutdown: C:\Users\gchavezveloz\Documents\mybroker\tmp\jetty-localhost-8161-console.war-_console-any-6484212694891853231.dir
2023-03-29 17:29:09,447 INFO  [org.apache.activemq.artemis.core.server] AMQ221002: Apache ActiveMQ Artemis Message Broker version 2.6.2 [65f09ae9-bdc4-11ed-878f-b48c9db43341] stopped, uptime 13 minutes
